/blue/mingjieliu/jiruijin/github/MolGuidance/bayesian/PoseBuster
c0712a-s7.ufhpc
Thu Dec 11 04:14:46 PM EST 2025
[16:15:04] UFFTYPER: Unrecognized charge state for atom: 0
WARNING: Energy ratio module failed to calculate ensemble conformation energy for InChI=1S/C6H9Cl/c1-4-5-2-6(4,7)3-5/h4-5H,2-3H2,1H3/t4-,5-,6-/m0/s1: Failed to generate conformations.
[16:15:16] UFFTYPER: Warning: hybridization set to SP3 for atom 3
WARNING: Energy ratio module failed to calculate ensemble conformation energy for InChI=1S/C8H10/c1-4-2-8(4)3-6-5(1)7(6)8/h4-7H,1-3H2/t4-,5+,6-,7+,8+/m1/s1: Failed to generate conformations.
[16:15:19] UFFTYPER: Warning: hybridization set to SP3 for atom 5
WARNING: Energy ratio module failed to calculate ensemble conformation energy for InChI=1S/C8H12O/c1-2-6-3-8-4-7(6,8)5-9-8/h6H,2-5H2,1H3/t6-,7+,8+/m1/s1: Failed to generate conformations.
[16:15:27] UFFTYPER: Warning: hybridization set to SP3 for atom 4
WARNING: Energy ratio module failed to calculate ensemble conformation energy for InChI=1S/C5H7N3O/c1-3-6-2-4-5(7-9)8(3)4/h4,9H,2H2,1H3/t4-,8-/m0/s1: Failed to generate conformations.
WARNING: Energy ratio module failed to calculate ensemble conformation energy for InChI=1S/C8H10O/c1-7-2-6-5(7)3-8(6,7)4-9/h4-6H,2-3H2,1H3/t5-,6-,7+,8-/m0/s1: Failed to generate conformations.
WARNING: Energy ratio module failed to calculate ensemble conformation energy for InChI=1S/C3H4ClN/c4-3-2-1-5(2)3/h2-3H,1H2/t2-,3-,5-/m1/s1: Failed to generate conformations.
[16:15:35] UFFTYPER: Warning: hybridization set to SP3 for atom 5
[16:15:36] UFFTYPER: Warning: hybridization set to SP3 for atom 6
WARNING: Energy ratio module failed to calculate ensemble conformation energy for InChI=1S/C8H12O/c1-5-7(2)3-6-4-9-8(5,6)7/h5-6H,3-4H2,1-2H3/t5-,6-,7+,8-/m0/s1: Failed to generate conformations.
WARNING: Energy ratio module failed to calculate ensemble conformation energy for InChI=1S/C6H9NO/c1-4-2-5-3-7(4)6(5)8/h4-5H,2-3H2,1H3/t4-,5+/m0/s1: Failed to generate conformations.
[16:15:42] UFFTYPER: Warning: hybridization set to SP3 for atom 1
WARNING: Energy ratio module failed to calculate ensemble conformation energy for InChI=1S/C7H5NO/c1-2-7-4-9-6(7)5(7)3-8/h1,5-6H,4H2/t5-,6+,7-/m0/s1: Failed to generate conformations.
WARNING: Energy ratio module failed to calculate ensemble conformation energy for InChI=1S/C6H8O3/c7-1-4(8)5-3-2-9-6(3)5/h3,5-7H,1-2H2/t3-,5-,6-/m1/s1: Failed to generate conformations.
WARNING: Energy ratio module failed to calculate ensemble conformation energy for InChI=1S/C7H9NO/c1-3-2-4-5-6(7(4)9)8(3)5/h2,4-7,9H,1H3/t4-,5+,6+,7-,8+/m1/s1: Failed to generate conformations.
WARNING: Energy ratio module failed to calculate ensemble conformation energy for InChI=1S/C7H10O2/c8-3-6-2-7(9)4(6)1-5(6)7/h4-5,8-9H,1-3H2/t4-,5+,6+,7-: Failed to generate conformations.
[16:15:53] UFFTYPER: Warning: hybridization set to SP3 for atom 1
WARNING: Energy ratio module failed to calculate ensemble conformation energy for InChI=1S/C6H9NO3/c1-3-5-4(2-8)7(5)6(9)10-3/h3-5,8H,2H2,1H3/t3-,4+,5-,7+/m0/s1: Failed to generate conformations.
[16:15:58] UFFTYPER: Unrecognized charge state for atom: 9
WARNING: Energy ratio module failed to calculate ensemble conformation energy for InChI=1S/C7H8O2/c1-7-3(2-8)4(7)5-6(7)9-5/h2-6H,1H3/t3-,4-,5+,6+,7-/m1/s1: Failed to generate conformations.
[16:16:00] UFFTYPER: Unrecognized charge state for atom: 3
[16:16:00] UFFTYPER: Unrecognized atom type: S_4+6 (3)
WARNING: Energy ratio module failed to calculate ensemble conformation energy for InChI=1S/C8H8O/c1-2-4-3(1)8(2)5(4)6-7(8)9-6/h2-7H,1H2/t2-,3+,4-,5-,6+,7+,8-/m1/s1: Failed to generate conformations.
WARNING: Energy ratio module failed to calculate ensemble conformation energy for InChI=1S/C6H9NO/c1-7-2-4-5-6(4,7)3-8-5/h4-5H,2-3H2,1H3/t4-,5-,6-/m0/s1: Failed to generate conformations.
[16:16:04] UFFTYPER: Warning: hybridization set to SP3 for atom 8
WARNING: Energy ratio module failed to calculate ensemble conformation energy for InChI=1S/C6H7N3/c1-4-6-5(2-7)9(6)3-8-4/h3-6H,1H3/t4-,5+,6-,9+/m0/s1: Failed to generate conformations.
[16:16:08] UFFTYPER: Unrecognized charge state for atom: 11
[16:16:09] UFFTYPER: Unrecognized charge state for atom: 16
WARNING: Energy ratio module failed to calculate ensemble conformation energy for InChI=1S/C8H10O/c1-2-8-5(1)4-3-6(9-8)7(4)8/h4-7H,1-3H2/t4-,5+,6-,7+,8+/m1/s1: Failed to generate conformations.
[16:16:13] UFFTYPER: Unrecognized charge state for atom: 1
WARNING: Energy ratio module failed to calculate ensemble conformation energy for InChI=1S/C6H6O2/c7-6-4-2-1-3(4)5(2)8-6/h2-5H,1H2/t2-,3+,4-,5+: Failed to generate conformations.
[16:16:17] UFFTYPER: Warning: hybridization set to SP3 for atom 0
[16:16:18] UFFTYPER: Warning: hybridization set to SP3 for atom 0
WARNING: Energy ratio module failed to calculate ensemble conformation energy for InChI=1S/C7H8O3/c8-7-3-4-2(5(7)10-4)1-9-6(3)7/h2-6,8H,1H2/t2-,3-,4-,5+,6+,7-/m1/s1: Failed to generate conformations.
WARNING: Energy ratio module failed to calculate ensemble conformation energy for InChI=1S/C7H6O2/c8-6-4-2-1-3(4)5(2)7(6)9/h2-5H,1H2/t2-,3+,4-,5+: Failed to generate conformations.
[16:16:22] UFFTYPER: Unrecognized charge state for atom: 9
[16:16:26] UFFTYPER: Warning: hybridization set to SP3 for atom 5
[16:16:26] UFFTYPER: Unrecognized charge state for atom: 5
WARNING: Energy ratio module failed to calculate ensemble conformation energy for InChI=1S/C7H11NO/c8-5-1-4-6(5)7(4)2-9-3-7/h4-6H,1-3,8H2/t4-,5-,6-/m0/s1: Failed to generate conformations.
[16:16:29] UFFTYPER: Warning: hybridization set to SP3 for atom 12
[16:16:30] UFFTYPER: Warning: hybridization set to SP3 for atom 7
[16:16:31] UFFTYPER: Warning: hybridization set to SP3 for atom 1
[16:16:31] UFFTYPER: Unrecognized charge state for atom: 9
WARNING: Energy ratio module failed to calculate ensemble conformation energy for InChI=1S/C6H7NO2/c7-2-6(9)3-1-4(6)5(3)8/h3-5,8-9H,1H2/t3-,4+,5-,6-: Failed to generate conformations.
WARNING: Energy ratio module failed to calculate ensemble conformation energy for InChI=1S/C7H12O2/c1-5-3-9-6-2-7(5,6)4-8/h5-6,8H,2-4H2,1H3/t5-,6+,7+/m0/s1: Failed to generate conformations.
[16:16:37] UFFTYPER: Warning: hybridization set to SP3 for atom 0
[16:16:37] UFFTYPER: Warning: hybridization set to SP3 for atom 2
[16:16:37] UFFTYPER: Warning: hybridization set to SP3 for atom 3
[16:16:37] UFFTYPER: Unrecognized charge state for atom: 3
[16:16:37] UFFTYPER: Warning: hybridization set to SP3 for atom 1
WARNING: Energy ratio module failed to calculate ensemble conformation energy for InChI=1S/C9H14/c1-8-4-3-6-7(8)5-9(6,8)2/h6-7H,3-5H2,1-2H3/t6-,7-,8+,9+/m1/s1: Failed to generate conformations.
WARNING: Energy ratio module failed to calculate ensemble conformation energy for InChI=1S/C7H8O2/c8-7-1-3-4(7)6(3)2-9-5(6)7/h3-5,8H,1-2H2/t3-,4+,5-,6-,7-/m1/s1: Failed to generate conformations.
[16:16:45] UFFTYPER: Warning: hybridization set to SP3 for atom 3
WARNING: Energy ratio module failed to calculate ensemble conformation energy for InChI=1S/C6H9NO2/c1-4-5(8)7-2-6(4,9)3-7/h4,9H,2-3H2,1H3/t4-/m1/s1: Failed to generate conformations.
WARNING: Energy ratio module failed to calculate ensemble conformation energy for InChI=1S/C8H9N/c1-3-8(2)6-4-5-7(8)9(5)6/h1,5-7H,4H2,2H3/t5-,6+,7-,8-,9+/m0/s1: Failed to generate conformations.
WARNING: Energy ratio module failed to calculate ensemble conformation energy for InChI=1S/C7H10O/c1-4-2-5-6(3-8)7(4)5/h3-7H,2H2,1H3/t4-,5-,6+,7-/m0/s1: Failed to generate conformations.
WARNING: Energy ratio module failed to calculate ensemble conformation energy for InChI=1S/C6H9NO/c1-5-3-2-6(5,8)4(3)7-5/h3-4,7-8H,2H2,1H3/t3-,4-,5+,6-/m1/s1: Failed to generate conformations.
WARNING: Energy ratio module failed to calculate ensemble conformation energy for InChI=1S/C9H14/c1-2-6-3-4-7-8-5-9(6,7)8/h6-8H,2-5H2,1H3/t6-,7-,8-,9-/m0/s1: Failed to generate conformations.
[16:16:56] UFFTYPER: Unrecognized charge state for atom: 4
[16:16:56] UFFTYPER: Unrecognized charge state for atom: 9
WARNING: Energy ratio module failed to calculate ensemble conformation energy for InChI=1S/C6H4O/c7-3-1-2-5(1)4(7)6(2,3)5/h1-4H/t1-,2-,3-,4+,5+,6+/m1/s1: Failed to generate conformations.
WARNING: Energy ratio module failed to calculate ensemble conformation energy for InChI=1S/C6H9ClO/c7-3-8-6-4-1-5(6)2-4/h4-6H,1-3H2/t4-,5+,6-: Failed to generate conformations.
WARNING: Energy ratio module failed to calculate ensemble conformation energy for InChI=1S/C7H9N/c1-7-2-5(3-7)6(7)4-8/h5-6H,2-3H2,1H3/t5-,6-,7+/m1/s1: Failed to generate conformations.
[16:17:06] UFFTYPER: Unrecognized charge state for atom: 5
WARNING: Energy ratio module failed to calculate ensemble conformation energy for InChI=1S/C8H12O/c1-5-8-4-3-7(8,2)6(8)9-5/h5-6H,3-4H2,1-2H3/t5-,6+,7+,8+/m1/s1: Failed to generate conformations.
[16:17:14] UFFTYPER: Warning: hybridization set to SP3 for atom 4
WARNING: Energy ratio module failed to calculate ensemble conformation energy for InChI=1S/C7H7NO/c1-7-3-2-4-5(7)8(7)6(4)9/h2-5H,1H3/t4-,5-,7+,8+/m0/s1: Failed to generate conformations.
[16:17:19] UFFTYPER: Warning: hybridization set to SP3 for atom 0
WARNING: Energy ratio module calculated average energy of molecule 0 for InChI=1S/Al.3FH/h;3*1H/q+3;;;/p-3
[16:17:21] UFFTYPER: Unrecognized atom type: B_1 (8)
WARNING: Energy ratio module failed to calculate ensemble conformation energy for InChI=1S/C7H8N2/c8-5-1-3-6-4-2-7(3,4)9(5)6/h3-4,6,8H,1-2H2/t3-,4+,6+,7-/m0/s1: Failed to generate conformations.
[16:17:25] UFFTYPER: Unrecognized charge state for atom: 10
WARNING: Energy ratio module failed to calculate ensemble conformation energy for InChI=1S/C6H5NO2/c7-2-5-1-6(5,8)4-3(5)9-4/h3-4,8H,1H2/t3-,4+,5-,6+/m1/s1: Failed to generate conformations.
[16:17:26] UFFTYPER: Warning: hybridization set to SP3 for atom 10
[16:17:27] UFFTYPER: Warning: hybridization set to SP3 for atom 12
[16:17:29] UFFTYPER: Unrecognized atom type: B_1 (3)
WARNING: Energy ratio module failed to calculate ensemble conformation energy for InChI=1S/C7H10O2/c8-2-6-4-9-3-5-1-7(5)6/h2,5-7H,1,3-4H2/t5-,6+,7+/m0/s1: Failed to generate conformations.
[16:17:33] UFFTYPER: Warning: hybridization set to SP3 for atom 1
[16:17:34] UFFTYPER: Warning: hybridization set to SP3 for atom 6
[16:17:34] UFFTYPER: Unrecognized charge state for atom: 6
[16:17:34] UFFTYPER: Unrecognized charge state for atom: 0
[16:17:36] UFFTYPER: Unrecognized charge state for atom: 17
WARNING: Energy ratio module failed to calculate ensemble conformation energy for InChI=1S/C7H10O/c1-4-7-2-5(3-7)6(7)8-4/h4-6H,2-3H2,1H3/t4-,5-,6+,7+/m1/s1: Failed to generate conformations.
[16:17:39] UFFTYPER: Unrecognized charge state for atom: 21
WARNING: Energy ratio module failed to calculate ensemble conformation energy for InChI=1S/C4H6O2/c5-3-2-1-6-4(2)3/h2-5H,1H2/t2-,3+,4-/m1/s1: Failed to generate conformations.
[16:17:41] UFFTYPER: Warning: hybridization set to SP3 for atom 11
[16:17:42] UFFTYPER: Unrecognized charge state for atom: 4
WARNING: Energy ratio module failed to calculate ensemble conformation energy for InChI=1S/C7H10O/c1-6-2-3-7(6)4-8-5(6)7/h5H,2-4H2,1H3/t5-,6-,7-/m0/s1: Failed to generate conformations.
[16:17:46] UFFTYPER: Unrecognized atom type: B_1 (2)
WARNING: Energy ratio module failed to calculate ensemble conformation energy for InChI=1S/C7H7NO/c1-3-4-2-7(6(3)8-7)9-5(1)4/h3-5H,1-2H2/t3-,4-,5+,7+/m1/s1: Failed to generate conformations.
[16:17:52] UFFTYPER: Warning: hybridization set to SP3 for atom 4
[16:17:52] UFFTYPER: Unrecognized charge state for atom: 4
[16:17:53] UFFTYPER: Warning: hybridization set to SP3 for atom 0
WARNING: Energy ratio module failed to calculate ensemble conformation energy for InChI=1S/C4H3NO/c5-2-4-1-3(4)6-4/h3H,1H2/t3-,4-/m0/s1: Failed to generate conformations.
WARNING: Energy ratio module failed to calculate ensemble conformation energy for InChI=1S/C7H8O3/c1-3-4-6-7(1,10-6)5(3)9-2-8-4/h3-6H,1-2H2/t3-,4-,5+,6-,7+/m1/s1: Failed to generate conformations.
[16:17:59] UFFTYPER: Unrecognized charge state for atom: 4
[16:17:59] UFFTYPER: Unrecognized charge state for atom: 5
[16:18:00] UFFTYPER: Warning: hybridization set to SP3 for atom 7
[16:18:00] UFFTYPER: Unrecognized charge state for atom: 7
[16:18:02] UFFTYPER: Warning: hybridization set to SP3 for atom 0
WARNING: Energy ratio module failed to calculate ensemble conformation energy for InChI=1S/C10H13NO/c1-2-6-3-7(5-11)10(12)9-4-8(6)9/h6-9H,2-4H2,1H3/t6-,7-,8-,9+/m0/s1: Failed to generate conformations.
WARNING: Energy ratio module failed to calculate ensemble conformation energy for InChI=1S/C6H9NO2/c8-4-1-7-6(4)3-2-9-5(3)6/h3-5,7-8H,1-2H2/t3-,4+,5+,6-/m1/s1: Failed to generate conformations.
[16:18:11] UFFTYPER: Warning: hybridization set to SP3 for atom 1
[16:18:11] UFFTYPER: Unrecognized atom type: As2+3 (7)
[16:18:12] UFFTYPER: Warning: hybridization set to SP3 for atom 2
[16:18:13] UFFTYPER: Warning: hybridization set to SP3 for atom 3
WARNING: Energy ratio module failed to calculate ensemble conformation energy for InChI=1S/C7H10O2/c8-2-1-7-3-5(4-7)6(7)9/h2,5-6,9H,1,3-4H2/t5-,6-,7+/m0/s1: Failed to generate conformations.
WARNING: Energy ratio module failed to calculate ensemble conformation energy for InChI=1S/C6H9N/c1-2-6(1)4-7-3-5(6)7/h5H,1-4H2/t5-,7+/m1/s1: Failed to generate conformations.
[16:18:22] UFFTYPER: Unrecognized charge state for atom: 18
WARNING: Energy ratio module failed to calculate ensemble conformation energy for InChI=1S/C7H9NO/c1-4(3-8)7-5-2-6(5)9-7/h4-7H,2H2,1H3/t4-,5-,6+,7-/m1/s1: Failed to generate conformations.
WARNING: Energy ratio module failed to calculate ensemble conformation energy for InChI=1S/C6H7N3/c1-6(3-7)5-2-9(5)4-8-6/h4-5H,2H2,1H3/t5-,6+,9+/m0/s1: Failed to generate conformations.
[16:18:28] UFFTYPER: Warning: hybridization set to SP3 for atom 6
WARNING: Energy ratio module failed to calculate ensemble conformation energy for InChI=1S/C6H7NO/c1-2-3-5-4(2)7(5)6(3)8/h2-5H,1H3/t2-,3+,4-,5+,7-/m1/s1: Failed to generate conformations.
[16:18:30] UFFTYPER: Unrecognized charge state for atom: 5
[16:18:30] UFFTYPER: Unrecognized charge state for atom: 11
WARNING: Energy ratio module failed to calculate ensemble conformation energy for InChI=1S/C10H14O/c1-9(2)8-7-5(4-11-8)6-3-10(6,7)9/h5-8H,3-4H2,1-2H3/t5-,6-,7+,8-,10+/m0/s1: Failed to generate conformations.
[16:18:34] UFFTYPER: Unrecognized charge state for atom: 3
[16:18:34] UFFTYPER: Warning: hybridization set to SP3 for atom 6
[16:18:34] UFFTYPER: Warning: hybridization set to SP3 for atom 6
WARNING: Energy ratio module failed to calculate ensemble conformation energy for InChI=1S/C6H7NO/c1-6-3-2-4(6)7(6)5(3)8/h3-4H,2H2,1H3/t3-,4-,6+,7+/m0/s1: Failed to generate conformations.
[16:18:36] UFFTYPER: Warning: hybridization set to SP3 for atom 7
[16:18:36] UFFTYPER: Unrecognized charge state for atom: 7
WARNING: Energy ratio module failed to calculate ensemble conformation energy for InChI=1S/C7H10O3/c1-3-7(10-3)4-2-6(7,9)5(4)8/h3-5,8-9H,2H2,1H3/t3-,4-,5-,6-,7-/m1/s1: Failed to generate conformations.
WARNING: Energy ratio module failed to calculate ensemble conformation energy for InChI=1S/C7H9NO/c9-2-1-4-5-3-6-7(4)8(5)6/h2,4-7H,1,3H2/t4-,5-,6+,7-,8+/m0/s1: Failed to generate conformations.
WARNING: Energy ratio module failed to calculate ensemble conformation energy for InChI=1S/C5H7NO2/c7-1-2-3-4(2)6-5(3)8/h1-6,8H/t2-,3+,4-,5+/m1/s1: Failed to generate conformations.
[16:18:42] UFFTYPER: Warning: hybridization set to SP3 for atom 6
[16:18:43] UFFTYPER: Warning: hybridization set to SP3 for atom 6
[16:18:44] UFFTYPER: Unrecognized atom type: B_1 (2)
[16:18:46] UFFTYPER: Unrecognized charge state for atom: 2
WARNING: Energy ratio module failed to calculate ensemble conformation energy for InChI=1S/C8H11N/c1-5-4-2-8(5,3-4)7-6(1)9-7/h4-7,9H,1-3H2/t4-,5-,6+,7+,8-/m1/s1: Failed to generate conformations.
WARNING: Energy ratio module failed to calculate ensemble conformation energy for InChI=1S/C7H10O/c1-2-8-7(1)5-3-6(7)4-5/h5-6H,1-4H2/t5-,6+,7-: Failed to generate conformations.
WARNING: Energy ratio module failed to calculate ensemble conformation energy for InChI=1S/C8H13N/c1-5(2)8-6-4-7(8,3)9(6)8/h5-6H,4H2,1-3H3/t6-,7+,8-,9+/m0/s1: Failed to generate conformations.
WARNING: Energy ratio module failed to calculate ensemble conformation energy for InChI=1S/C6H8O2/c7-2-6-1-3-4(6)8-5(3)6/h3-5,7H,1-2H2/t3-,4-,5+,6-: Failed to generate conformations.
[16:19:05] UFFTYPER: Unrecognized charge state for atom: 6
[16:19:07] UFFTYPER: Unrecognized charge state for atom: 2
WARNING: Energy ratio module failed to calculate ensemble conformation energy for InChI=1S/C7H12O2/c1-6-2-7(3-6,4-8)5(6)9/h5,8-9H,2-4H2,1H3/t5-,6-,7+/m1/s1: Failed to generate conformations.
WARNING: Energy ratio module failed to calculate ensemble conformation energy for InChI=1S/C6H11B/c1-5-2-6(7,3-5)4-5/h2-4,7H2,1H3/t5-,6-: Failed to generate conformations.
[16:19:14] UFFTYPER: Warning: hybridization set to SP3 for atom 5
[16:19:14] UFFTYPER: Warning: hybridization set to SP3 for atom 7
[16:19:14] UFFTYPER: Unrecognized charge state for atom: 7
WARNING: Energy ratio module failed to calculate ensemble conformation energy for InChI=1S/C8H11N/c1-7-6-5-4-8(5,7)2-3-9(6)7/h5-6H,2-4H2,1H3/t5-,6-,7-,8-,9-/m1/s1: Failed to generate conformations.
WARNING: Energy ratio module failed to calculate ensemble conformation energy for InChI=1S/C7H11NO/c1-8-3-4-5-2-7(5,9)6(4)8/h4-6,9H,2-3H2,1H3/t4-,5+,6-,7-/m1/s1: Failed to generate conformations.
WARNING: Energy ratio module failed to calculate ensemble conformation energy for InChI=1S/C8H10O/c1-4-2-7-8(4)5(1)6(8)3-9-7/h4-7H,1-3H2/t4-,5-,6-,7+,8+/m1/s1: Failed to generate conformations.
WARNING: Energy ratio module failed to calculate ensemble conformation energy for InChI=1S/C7H11NO/c1-3-4-5(6(4)9)7(3)2-8-7/h3-6,8-9H,2H2,1H3/t3-,4+,5-,6+,7-/m0/s1: Failed to generate conformations.
[16:19:28] UFFTYPER: Unrecognized charge state for atom: 12
WARNING: Energy ratio module failed to calculate ensemble conformation energy for InChI=1S/C8H11N/c1-2-4-8-5-7(8,3-1)6-9-8/h1-2,9H,3-6H2/t7-,8-/m0/s1: Failed to generate conformations.
WARNING: Energy ratio module failed to calculate ensemble conformation energy for InChI=1S/C7H9NO/c9-2-1-7-4-5-3-6(7)8(5)7/h2,5-6H,1,3-4H2/t5-,6+,7-,8+/m0/s1: Failed to generate conformations.
[16:19:34] UFFTYPER: Unrecognized charge state for atom: 8
WARNING: Energy ratio module failed to calculate ensemble conformation energy for InChI=1S/C6H9NO/c1-7-4-3-2-8-6(3)5(4)7/h3-6H,2H2,1H3/t3-,4+,5+,6-,7+/m0/s1: Failed to generate conformations.
WARNING: Energy ratio module failed to calculate ensemble conformation energy for InChI=1S/C6H9NO2/c8-6-5-4-7(5)2-1-3-9-6/h5H,1-4H2/t5-,7+/m1/s1: Failed to generate conformations.
WARNING: Energy ratio module failed to calculate ensemble conformation energy for InChI=1S/C8H10O/c1-2-3-4-8-5-7(8)9-6-8/h7H,2,5-6H2,1H3/t7-,8-/m0/s1: Failed to generate conformations.
WARNING: Energy ratio module failed to calculate ensemble conformation energy for InChI=1S/C7H7NO/c9-3-1-2-4-5(2)8-6(3)7(4)8/h2,4-7H,1H2/t2-,4+,5-,6+,7-,8+/m1/s1: Failed to generate conformations.
[16:19:47] UFFTYPER: Warning: hybridization set to SP3 for atom 4
WARNING: Energy ratio module failed to calculate ensemble conformation energy for InChI=1S/C9H16/c1-4-7-8(2)5-9(7,3)6-8/h7H,4-6H2,1-3H3/t7-,8-,9+: Failed to generate conformations.
WARNING: Energy ratio module failed to calculate ensemble conformation energy for InChI=1S/C6H6N2O/c9-6-3-1-4-5(6)8(4)2-7-3/h2-5H,1H2/t3-,4+,5+,8+/m0/s1: Failed to generate conformations.
[16:19:59] UFFTYPER: Warning: hybridization set to SP3 for atom 7
WARNING: Energy ratio module failed to calculate ensemble conformation energy for InChI=1S/C8H12O/c1-7-3-5-6(7)4-9-8(5,7)2/h5-6H,3-4H2,1-2H3/t5-,6-,7+,8+/m1/s1: Failed to generate conformations.
[16:20:04] UFFTYPER: Unrecognized charge state for atom: 11
WARNING: Energy ratio module failed to calculate ensemble conformation energy for InChI=1S/C7H10N2/c1-3-4-5(8-4)7-2-9(7)6(3)7/h3-6,8H,2H2,1H3/t3-,4+,5+,6-,7+,9+/m0/s1: Failed to generate conformations.
WARNING: Energy ratio module failed to calculate ensemble conformation energy for InChI=1S/C5H6N2O2/c6-5-7-1-2(7)4(9-5)3(1)8/h1-4,6,8H/t1-,2+,3-,4+,7+/m0/s1: Failed to generate conformations.
[16:20:09] UFFTYPER: Warning: hybridization set to SP3 for atom 3
WARNING: Energy ratio module failed to calculate ensemble conformation energy for InChI=1S/C6H5N3/c7-1-3-4-5-6(4)9(3)2-8-5/h2-6H/t3-,4-,5+,6-/m1/s1: Failed to generate conformations.
WARNING: Energy ratio module failed to calculate ensemble conformation energy for InChI=1S/C6H7NO2/c8-5-1-6-3-7(6)4(6)2-9-5/h4H,1-3H2/t4-,6-,7+/m1/s1: Failed to generate conformations.
[16:20:16] UFFTYPER: Unrecognized charge state for atom: 1
[16:20:16] UFFTYPER: Warning: hybridization set to SP3 for atom 2
WARNING: Energy ratio module failed to calculate ensemble conformation energy for InChI=1S/C6H10O/c1-4-5-2-6(4,7)3-5/h4-5,7H,2-3H2,1H3/t4-,5-,6-/m0/s1: Failed to generate conformations.
[16:20:21] UFFTYPER: Warning: hybridization set to SP3 for atom 0
[16:20:21] UFFTYPER: Unrecognized charge state for atom: 0
[16:20:21] UFFTYPER: Warning: hybridization set to SP3 for atom 4
WARNING: Energy ratio module failed to calculate ensemble conformation energy for InChI=1S/C6H7NO/c8-6-5-3-1-7(6)2-4(3)5/h3-5H,1-2H2/t3-,4+,5-: Failed to generate conformations.
[16:20:25] UFFTYPER: Unrecognized charge state for atom: 5
[16:20:25] UFFTYPER: Unrecognized charge state for atom: 9
[16:20:25] UFFTYPER: Warning: hybridization set to SP3 for atom 3
WARNING: Energy ratio module failed to calculate ensemble conformation energy for InChI=1S/C6H6N2O/c7-2-6-1-4-5(6)9-3-8(4)6/h4-5H,1,3H2/t4-,5-,6-/m1/s1: Failed to generate conformations.
[16:20:28] UFFTYPER: Warning: hybridization set to SP3 for atom 0
[16:20:28] UFFTYPER: Warning: hybridization set to SP3 for atom 6
[16:20:28] UFFTYPER: Warning: hybridization set to SP3 for atom 4
[16:20:29] UFFTYPER: Unrecognized charge state for atom: 22
[16:20:29] Both bonds on one end of an atropisomer are on the same side - atoms are: 4 7
[16:20:29] UFFTYPER: Unrecognized charge state for atom: 4
WARNING: Energy ratio module failed to calculate ensemble conformation energy for InChI=1S/C6H8N2O/c1-6-4(2-7)8(6)5(6)3-9/h4-5,9H,3H2,1H3/t4-,5-,6-,8+/m0/s1: Failed to generate conformations.
[16:20:31] UFFTYPER: Unrecognized charge state for atom: 6
[16:20:31] UFFTYPER: Unrecognized charge state for atom: 12
WARNING: Energy ratio module failed to calculate ensemble conformation energy for InChI=1S/C7H7NO/c1-3-5-7(2)6(4-9)8(5)7/h1,4-6H,2H3/t5-,6+,7+,8-/m0/s1: Failed to generate conformations.
[16:20:33] UFFTYPER: Warning: hybridization set to SP3 for atom 0
WARNING: Energy ratio module failed to calculate ensemble conformation energy for InChI=1S/C7H7NO/c1-2-6-3-4(6)7(9)5(6)8-7/h1,4-5,8-9H,3H2/t4-,5+,6+,7+/m0/s1: Failed to generate conformations.
[16:20:36] UFFTYPER: Unrecognized atom type: B_1 (5)
[16:20:38] UFFTYPER: Warning: hybridization set to SP3 for atom 6
WARNING: Energy ratio module failed to calculate ensemble conformation energy for InChI=1S/C8H12O/c1-2-9-4-8-5(1)6-3-7(6)8/h5-8H,1-4H2/t5-,6+,7+,8-/m1/s1: Failed to generate conformations.
[16:20:39] UFFTYPER: Warning: hybridization set to SP3 for atom 0
[16:20:40] UFFTYPER: Warning: hybridization set to SP3 for atom 8
[16:20:40] UFFTYPER: Warning: hybridization set to SP3 for atom 6
WARNING: Energy ratio module failed to calculate ensemble conformation energy for InChI=1S/C8H10O/c1-6-2-7(9)3-8(6)4(6)5(7)8/h4-5,9H,2-3H2,1H3/t4-,5+,6+,7-,8+/m0/s1: Failed to generate conformations.
WARNING: Energy ratio module failed to calculate ensemble conformation energy for InChI=1S/C9H10/c1-4-9-5-7(2)6(9)8(7,9)3/h1,6H,5H2,2-3H3/t6-,7+,8-,9-/m1/s1: Failed to generate conformations.
WARNING: Energy ratio module failed to calculate ensemble conformation energy for InChI=1S/C5H11N3/c1-6-5-4-3-7(2)8(4)5/h4-6H,3H2,1-2H3/t4-,5-,8-/m1/s1: Failed to generate conformations.
WARNING: Energy ratio module failed to calculate ensemble conformation energy for InChI=1S/C7H12N2/c1-4-6-7(3-8-7)5(2)9(4)6/h4-6,8H,3H2,1-2H3/t4-,5-,6+,7+,9-/m0/s1: Failed to generate conformations.
[16:20:52] UFFTYPER: Warning: hybridization set to SP3 for atom 5
[16:20:52] UFFTYPER: Unrecognized charge state for atom: 5
WARNING: Energy ratio module failed to calculate ensemble conformation energy for InChI=1S/C7H10O/c1-5-2-7(1)4-8-3-6(5)7/h5-6H,1-4H2/t5-,6-,7+/m1/s1: Failed to generate conformations.
[16:20:55] UFFTYPER: Warning: hybridization set to SP3 for atom 3
WARNING: Energy ratio module failed to calculate ensemble conformation energy for InChI=1S/C7H9NO/c1-6(3-9)4-5-7(6,2)8(4)5/h3-5H,1-2H3/t4-,5+,6-,7+,8+/m0/s1: Failed to generate conformations.
WARNING: Energy ratio module failed to calculate ensemble conformation energy for InChI=1S/C7H9NO/c1-6-3-4-5(9)7(6,2)8(4)6/h4H,3H2,1-2H3/t4-,6+,7-,8+/m0/s1: Failed to generate conformations.
[16:20:58] UFFTYPER: Warning: hybridization set to SP3 for atom 8
WARNING: Energy ratio module failed to calculate ensemble conformation energy for InChI=1S/C7H9NO/c1-7-2-4-6(7)8(4)5(9)3-7/h4,6H,2-3H2,1H3/t4-,6-,7-,8+/m1/s1: Failed to generate conformations.
[16:21:04] UFFTYPER: Warning: hybridization set to SP3 for atom 7
WARNING: Energy ratio module failed to calculate ensemble conformation energy for InChI=1S/C6H10O/c1-4-5-2-6(4,7)3-5/h4-5,7H,2-3H2,1H3/t4-,5-,6-/m1/s1: Failed to generate conformations.
WARNING: Energy ratio module failed to calculate ensemble conformation energy for InChI=1S/C8H12O/c1-8-4-2-5(8)7(4)6(8)3-9/h4-7,9H,2-3H2,1H3/t4-,5+,6-,7-,8+/m1/s1: Failed to generate conformations.
[16:21:11] UFFTYPER: Unrecognized charge state for atom: 3
WARNING: Energy ratio module failed to calculate ensemble conformation energy for InChI=1S/C10H10O/c1-2-6-7-8(6)10-5(1)3-9(7,10)4-11-10/h1-2,5-8H,3-4H2/t5-,6+,7-,8+,9+,10-/m1/s1: Failed to generate conformations.
[16:21:19] UFFTYPER: Warning: hybridization set to SP3 for atom 6
[16:21:20] UFFTYPER: Unrecognized charge state for atom: 20
[16:21:21] UFFTYPER: Warning: hybridization set to SP3 for atom 1
[16:21:22] Both bonds on one end of an atropisomer are on the same side - atoms are: 2 3
[16:21:22] UFFTYPER: Unrecognized charge state for atom: 3
WARNING: Energy ratio module failed to calculate ensemble conformation energy for InChI=1S/C7H10O/c1-3-5-4-2-8-7(5)6(3)4/h3-7H,2H2,1H3/t3-,4-,5-,6+,7+: Failed to generate conformations.
[16:21:25] UFFTYPER: Unrecognized charge state for atom: 7
WARNING: Energy ratio module failed to calculate ensemble conformation energy for InChI=1S/C7H9NO/c1-4-6-5(2-3-8)9-7(4)6/h4-7H,2H2,1H3/t4-,5+,6-,7-/m1/s1: Failed to generate conformations.
WARNING: Energy ratio module failed to calculate ensemble conformation energy for InChI=1S/C6H11NO/c7-5-4-1-6(5,2-4)3-8/h4-5,8H,1-3,7H2/t4-,5-,6+/m0/s1: Failed to generate conformations.
[16:21:35] UFFTYPER: Unrecognized charge state for atom: 4
[16:21:37] UFFTYPER: Warning: hybridization set to SP3 for atom 5
[16:21:38] UFFTYPER: Warning: hybridization set to SP3 for atom 4
[16:21:39] UFFTYPER: Warning: hybridization set to SP3 for atom 2
WARNING: Energy ratio module failed to calculate ensemble conformation energy for InChI=1S/C7H6O2/c1-2-7-4(8)3-5(7)9-6(3)7/h1,3-6,8H/t3-,4-,5-,6+,7+/m0/s1: Failed to generate conformations.
WARNING: Energy ratio module failed to calculate ensemble conformation energy for InChI=1S/C7H10N2/c1-7-4-2-3-5(8-3)6(7)9(4)7/h3-6,8H,2H2,1H3/t3-,4-,5-,6+,7-,9+/m1/s1: Failed to generate conformations.
[16:21:44] UFFTYPER: Unrecognized charge state for atom: 1
[16:21:44] UFFTYPER: Unrecognized charge state for atom: 4
WARNING: Energy ratio module failed to calculate ensemble conformation energy for InChI=1S/C7H11N/c1-6-4-3-5(4)7(6,2)8-6/h4-5,8H,3H2,1-2H3/t4-,5+,6-,7+: Failed to generate conformations.
WARNING: Energy ratio module failed to calculate ensemble conformation energy for InChI=1S/C7H9NO/c8-4-7-1-5(2-7)6(7)3-9/h5-6,9H,1-3H2/t5-,6-,7+/m0/s1: Failed to generate conformations.
[16:21:51] UFFTYPER: Warning: hybridization set to SP3 for atom 7
WARNING: Energy ratio module failed to calculate ensemble conformation energy for InChI=1S/C6H8O/c1-3-4(1)6-2-5(3)7-6/h3-6H,1-2H2/t3-,4+,5-,6+: Failed to generate conformations.
WARNING: Energy ratio module failed to calculate ensemble conformation energy for InChI=1S/C7H6N2/c1-2-4-7(3-1)5-6(7)9(4)8-5/h1-2,4,6H,3H2/t4-,6-,7+/m1/s1: Failed to generate conformations.
[16:21:56] UFFTYPER: Unrecognized charge state for atom: 7
[16:21:57] UFFTYPER: Unrecognized atom type: Se2+2 (2)
WARNING: Energy ratio module failed to calculate ensemble conformation energy for InChI=1S/C7H6O2/c8-7-5-1-2(5)4-3(1)6(4)9-7/h1-6H/t1-,2+,3-,4+,5+,6-: Failed to generate conformations.
WARNING: Energy ratio module failed to calculate ensemble conformation energy for InChI=1S/C8H8O/c1-3-8-4-5(8)6-7(8,2)9-6/h1,5-6H,4H2,2H3/t5-,6+,7+,8-/m1/s1: Failed to generate conformations.
WARNING: Energy ratio module failed to calculate ensemble conformation energy for InChI=1S/C7H7NO/c9-6-3-4-1-2-5-7(4)8(5)6/h1,5,7H,2-3H2/t5-,7+,8+/m0/s1: Failed to generate conformations.
WARNING: Energy ratio module failed to calculate ensemble conformation energy for InChI=1S/C7H6O/c1-2-7-5-3-4(5)6(7)8-7/h1,4-6H,3H2/t4-,5+,6-,7+/m1/s1: Failed to generate conformations.
[16:22:02] UFFTYPER: Warning: hybridization set to SP3 for atom 4
[16:22:02] UFFTYPER: Unrecognized charge state for atom: 4
[16:22:02] UFFTYPER: Unrecognized charge state for atom: 0
[16:22:02] UFFTYPER: Unrecognized charge state for atom: 7
[16:22:02] UFFTYPER: Warning: hybridization set to SP3 for atom 0
WARNING: Energy ratio module failed to calculate ensemble conformation energy for InChI=1S/C8H14O/c1-4-6-7-5(2)8(7,3)9-6/h5-7H,4H2,1-3H3/t5-,6+,7-,8-/m0/s1: Failed to generate conformations.
WARNING: Energy ratio module failed to calculate ensemble conformation energy for InChI=1S/C8H8O/c1-2-7-3-8(4-7,5-7)6-9/h1,6H,3-5H2/t7-,8-: Failed to generate conformations.
[16:22:12] UFFTYPER: Warning: hybridization set to SP3 for atom 4
WARNING: Energy ratio module failed to calculate ensemble conformation energy for InChI=1S/C7H10O/c1-2-6-4-7(6,3-1)8-5-6/h1-5H2/t6-,7-/m0/s1: Failed to generate conformations.
WARNING: Energy ratio module failed to calculate ensemble conformation energy for InChI=1S/C7H7N/c1-2-7-3-8-5(7)4(1)6(7)8/h1-2,4-6H,3H2/t4-,5-,6+,7-: Failed to generate conformations.
[16:22:16] UFFTYPER: Unrecognized charge state for atom: 7
[16:22:17] UFFTYPER: Warning: hybridization set to SP3 for atom 2
[16:22:17] UFFTYPER: Warning: hybridization set to SP3 for atom 5
[16:22:17] UFFTYPER: Warning: hybridization set to SP3 for atom 6
WARNING: Energy ratio module failed to calculate ensemble conformation energy for InChI=1S/C6H8N2O/c1-2-3-5-4(2)8(5)6(9)7-3/h2-5H,1H3,(H,7,9)/t2-,3+,4-,5+,8-/m0/s1: Failed to generate conformations.
WARNING: Energy ratio module failed to calculate ensemble conformation energy for InChI=1S/C7H8O2/c8-5-1-3-4-2-7(4,5)6(3)9/h3-4,6,9H,1-2H2/t3-,4-,6-,7-/m0/s1: Failed to generate conformations.
[16:22:24] UFFTYPER: Unrecognized charge state for atom: 5
[16:22:25] UFFTYPER: Warning: hybridization set to SP3 for atom 5
[16:22:25] UFFTYPER: Warning: hybridization set to SP3 for atom 14
WARNING: Energy ratio module failed to calculate ensemble conformation energy for InChI=1S/C8H10O/c1-5-7-2-6(3-9)8(5,7)4-7/h3,5-6H,2,4H2,1H3/t5-,6+,7-,8+/m0/s1: Failed to generate conformations.
WARNING: Energy ratio module failed to calculate ensemble conformation energy for InChI=1S/C7H8O2/c1-7-3-4(7)6(5(3)7)9-2-8/h2-6H,1H3/t3-,4+,5-,6+,7+: Failed to generate conformations.
WARNING: Energy ratio module failed to calculate ensemble conformation energy for InChI=1S/C6H9NO2/c7-4-1-5(8)2-6(4,5)9-3-4/h8H,1-3,7H2/t4-,5-,6-/m0/s1: Failed to generate conformations.
WARNING: Energy ratio module failed to calculate ensemble conformation energy for InChI=1S/C7H8O/c8-3-7-2-4-5(7)1-6(4)7/h3-6H,1-2H2/t4-,5-,6+,7-: Failed to generate conformations.
[16:22:33] UFFTYPER: Warning: hybridization set to SP3 for atom 11
WARNING: Energy ratio module failed to calculate ensemble conformation energy for InChI=1S/C6H10O3/c1-9-5-3-2-6(5,8)4(3)7/h3-5,7-8H,2H2,1H3/t3-,4+,5-,6-/m1/s1: Failed to generate conformations.
[16:22:39] UFFTYPER: Warning: hybridization set to SP3 for atom 7
[16:22:40] UFFTYPER: Warning: hybridization set to SP3 for atom 8
WARNING: Energy ratio module failed to calculate ensemble conformation energy for InChI=1S/C5H6O3/c6-3-1-2-4(8-2)5(1,3)7/h1-4,6-7H/t1-,2-,3+,4-,5+/m0/s1: Failed to generate conformations.
WARNING: Energy ratio module failed to calculate ensemble conformation energy for InChI=1S/C7H7NO/c9-7-2-1-3(7)8-6-4(2)5(6)7/h2,4-6,9H,1H2/t2-,4+,5-,6+,7-/m1/s1: Failed to generate conformations.
WARNING: Energy ratio module failed to calculate ensemble conformation energy for InChI=1S/C6H8O/c1-2-6-3-5(7-6)4(1)6/h4-5H,1-3H2/t4-,5-,6+/m1/s1: Failed to generate conformations.
[16:22:48] UFFTYPER: Warning: hybridization set to SP3 for atom 3
WARNING: Energy ratio module failed to calculate ensemble conformation energy for InChI=1S/C7H10O2/c1-4-2-5-7(4)3-6(8-5)9-7/h4-6H,2-3H2,1H3/t4-,5+,6-,7-/m0/s1: Failed to generate conformations.
[16:22:50] UFFTYPER: Warning: hybridization set to SP3 for atom 2
[16:22:50] UFFTYPER: Warning: hybridization set to SP3 for atom 4
WARNING: Energy ratio module failed to calculate ensemble conformation energy for InChI=1S/C7H11N/c1-8-4-7(8)5-2-6(7)3-5/h5-6H,2-4H2,1H3/t5-,6+,7-,8-/m1/s1: Failed to generate conformations.
[16:22:53] UFFTYPER: Unrecognized charge state for atom: 19
[16:22:54] UFFTYPER: Unrecognized charge state for atom: 17
[16:22:56] UFFTYPER: Unrecognized atom type: Se2+2 (0)
[16:22:58] UFFTYPER: Warning: hybridization set to SP3 for atom 12
WARNING: Energy ratio module failed to calculate ensemble conformation energy for InChI=1S/C7H7NO/c8-4-1-2(4)7-3(1)5(9-7)6(7)8/h1-6,8H/t1-,2-,3+,4+,5+,6-,7-/m0/s1: Failed to generate conformations.
WARNING: Energy ratio module failed to calculate ensemble conformation energy for InChI=1S/C6H5NO/c1-2-6-3-4(6)8-5(6)7/h1,4,7H,3H2/t4-,6+/m1/s1: Failed to generate conformations.
[16:23:00] UFFTYPER: Warning: hybridization set to SP3 for atom 1
[16:23:00] UFFTYPER: Unrecognized charge state for atom: 1
[16:23:01] UFFTYPER: Warning: hybridization set to SP3 for atom 3
WARNING: Energy ratio module calculated average energy of molecule 0 for InChI=1S/Al.3FH/h;3*1H/q+3;;;/p-3
[16:23:01] UFFTYPER: Unrecognized charge state for atom: 6
[16:23:01] UFFTYPER: Unrecognized charge state for atom: 8
WARNING: Energy ratio module failed to calculate ensemble conformation energy for InChI=1S/C6H4N2O/c7-2-6-3-1-8(6)5(9)4(3)6/h3-4H,1H2/t3-,4-,6-/m0/s1: Failed to generate conformations.
[16:23:07] UFFTYPER: Warning: hybridization set to SP3 for atom 3
WARNING: Energy ratio module failed to calculate ensemble conformation energy for InChI=1S/C8H10O2S/c9-7-4-5(7)8(7,10)6(4)1-2-11-3-6/h4-5,9-10H,1-3H2/t4-,5-,6-,7-,8-/m1/s1: Failed to generate conformations.
WARNING: Energy ratio module failed to calculate ensemble conformation energy for InChI=1S/C6H8O2/c7-5-4-2-1-3(4)6(2,5)8/h2-5,7-8H,1H2/t2-,3+,4-,5-,6-/m0/s1: Failed to generate conformations.
[16:23:13] UFFTYPER: Warning: hybridization set to SP3 for atom 0
[16:23:14] UFFTYPER: Unrecognized charge state for atom: 8
[16:23:15] UFFTYPER: Warning: hybridization set to SP3 for atom 6
WARNING: Energy ratio module failed to calculate ensemble conformation energy for InChI=1S/C6H6N2O/c9-6-7-3-1-2(3)5-4(1)8(5)6/h1-5H,(H,7,9)/t1-,2+,3-,4+,5-,8+: Failed to generate conformations.
[16:23:19] UFFTYPER: Warning: hybridization set to SP3 for atom 7
WARNING: Energy ratio module failed to calculate ensemble conformation energy for InChI=1S/C6H7NO/c8-5-2-3-1-4-6(3)7(4)5/h3-4,6H,1-2H2/t3-,4-,6+,7+/m0/s1: Failed to generate conformations.
[16:23:21] UFFTYPER: Unrecognized charge state for atom: 4
[16:23:22] UFFTYPER: Warning: hybridization set to SP3 for atom 5
WARNING: Energy ratio module failed to calculate ensemble conformation energy for InChI=1S/C8H10O/c1-2-8-3-5-7(8)6(8)4(1)9-5/h4-7H,1-3H2/t4-,5+,6+,7-,8+/m0/s1: Failed to generate conformations.
[16:23:27] UFFTYPER: Unrecognized atom type: B_1 (8)
[16:23:28] UFFTYPER: Unrecognized charge state for atom: 1
WARNING: Energy ratio module failed to calculate ensemble conformation energy for InChI=1S/C6H6O3.H2O/c1-6-3(7-1)2-4(6)8-5(2)9-6;/h2-5H,1H2;1H2/t2-,3-,4-,5-,6+;/m0./s1: Failed to generate conformations.
WARNING: Energy ratio module failed to calculate ensemble conformation energy for InChI=1S/C8H9N/c1-3-2-4-5-6-7(9-3)8(4,5)6/h3-6H,2H2,1H3/t3-,4-,5-,6-,8?/m0/s1: Failed to generate conformations.
[16:23:33] UFFTYPER: Unrecognized atom type: B_1 (5)
WARNING: Energy ratio module failed to calculate ensemble conformation energy for InChI=1S/C8H12/c1-8-4-5-6(8)2-3-7(5)8/h5-7H,2-4H2,1H3/t5-,6-,7+,8+: Failed to generate conformations.
WARNING: Energy ratio module failed to calculate ensemble conformation energy for InChI=1S/C7H9N/c1-7-2-5(3-7)6(7)4-8/h5-6H,2-3H2,1H3/t5-,6-,7+/m0/s1: Failed to generate conformations.
WARNING: Energy ratio module failed to calculate ensemble conformation energy for InChI=1S/C5H7N/c1-3-4(1)6-2-5(3)6/h3-5H,1-2H2/t3-,4+,5-,6+/m1/s1: Failed to generate conformations.
WARNING: Energy ratio module failed to calculate ensemble conformation energy for InChI=1S/C8H12O/c1-9-8-3-2-7(8)4-6(7)5-8/h6H,2-5H2,1H3/t6-,7-,8+/m1/s1: Failed to generate conformations.
[16:23:42] UFFTYPER: Warning: hybridization set to SP3 for atom 12
WARNING: Energy ratio module failed to calculate ensemble conformation energy for InChI=1S/C7H12O2/c1-4-6-5(3-8)7(6,2)9-4/h4-6,8H,3H2,1-2H3/t4-,5+,6-,7+/m1/s1: Failed to generate conformations.
WARNING: Energy ratio module failed to calculate ensemble conformation energy for InChI=1S/C7H8O2/c1-5-6(3-8)2-7(5,6)4-9/h3-5H,2H2,1H3/t5-,6-,7+: Failed to generate conformations.
WARNING: Energy ratio module failed to calculate ensemble conformation energy for InChI=1S/C8H8O/c1-2-3-5-6-7(9)4(2)8(3,5)6/h2-6H,1H3/t2-,3-,4+,5-,6-,8?/m0/s1: Failed to generate conformations.
[16:23:48] UFFTYPER: Warning: hybridization set to SP3 for atom 12
[16:23:49] UFFTYPER: Warning: hybridization set to SP3 for atom 7
[16:23:49] UFFTYPER: Unrecognized charge state for atom: 7
[16:23:50] UFFTYPER: Unrecognized charge state for atom: 19
[16:23:50] UFFTYPER: Unrecognized charge state for atom: 6
[16:23:50] UFFTYPER: Unrecognized charge state for atom: 10
[16:23:51] UFFTYPER: Unrecognized charge state for atom: 7
WARNING: Energy ratio module failed to calculate ensemble conformation energy for InChI=1S/C6H9NO/c1-4-2-5-6(3-8)7(4)5/h3-6H,2H2,1H3/t4-,5-,6+,7-/m0/s1: Failed to generate conformations.
WARNING: Energy ratio module failed to calculate ensemble conformation energy for InChI=1S/C6H8N2O/c1-6-2-8(3-6)5(7)4(6)9/h7H,2-3H2,1H3: Failed to generate conformations.
[16:24:02] UFFTYPER: Unrecognized charge state for atom: 8
[16:24:03] UFFTYPER: Unrecognized charge state for atom: 12
[16:24:07] UFFTYPER: Unrecognized charge state for atom: 5
WARNING: Energy ratio module failed to calculate ensemble conformation energy for InChI=1S/C7H10O3/c1-4-2-10-7(4)5-6(7,8)3-9-5/h4-5,8H,2-3H2,1H3/t4-,5-,6-,7+/m0/s1: Failed to generate conformations.
[16:24:13] UFFTYPER: Warning: hybridization set to SP3 for atom 2
WARNING: Energy ratio module failed to calculate ensemble conformation energy for InChI=1S/C7H8O/c1-7-3-2-4(7)5(3)6(7)8/h3-5H,2H2,1H3/t3-,4+,5-,7+: Failed to generate conformations.
[16:24:17] UFFTYPER: Warning: hybridization set to SP3 for atom 6
WARNING: Energy ratio module failed to calculate ensemble conformation energy for InChI=1S/C7H9N/c1-4-2-5-7-6(3-4)8(5)7/h2,5-7H,3H2,1H3/t5-,6+,7-,8+/m1/s1: Failed to generate conformations.
[16:24:20] UFFTYPER: Unrecognized atom type: Se2+2 (0)
WARNING: Energy ratio module failed to calculate ensemble conformation energy for InChI=1S/C7H8N2/c1-2-3-7-4-6(7,8)5-9-7/h5H,4,8H2,1H3/t6-,7+/m0/s1: Failed to generate conformations.
WARNING: Energy ratio module failed to calculate ensemble conformation energy for InChI=1S/C7H13NO2/c1-6-3-7(10,5(6)9)4(6)2-8/h4-5,9-10H,2-3,8H2,1H3/t4-,5+,6-,7-/m1/s1: Failed to generate conformations.
WARNING: Energy ratio module failed to calculate ensemble conformation energy for InChI=1S/C7H10O/c8-7-2-4(3-7)5-1-6(5)7/h4-6,8H,1-3H2/t4-,5-,6-,7-/m1/s1: Failed to generate conformations.
WARNING: Energy ratio module failed to calculate ensemble conformation energy for InChI=1S/C6H5NO2/c8-4-6-3-2(7-6)1-5(3,6)9-4/h2-3,7H,1H2/t2-,3-,5-,6+/m0/s1: Failed to generate conformations.
[16:24:37] UFFTYPER: Warning: hybridization set to SP3 for atom 1
[16:24:37] UFFTYPER: Warning: hybridization set to SP3 for atom 2
WARNING: Energy ratio module failed to calculate ensemble conformation energy for InChI=1S/CH2Si2/c1-2-3-1/h1H2: Failed to generate conformations.
WARNING: Energy ratio module failed to calculate ensemble conformation energy for InChI=1S/C6H9NO/c8-5-1-3-6(5)4-2-7(3)4/h3-6,8H,1-2H2/t3-,4+,5-,6+,7-/m0/s1: Failed to generate conformations.
WARNING: Energy ratio module failed to calculate ensemble conformation energy for InChI=1S/C7H12O/c1-4(2)6-5-3-8-7(5)6/h4-7H,3H2,1-2H3/t5-,6+,7-/m1/s1: Failed to generate conformations.
WARNING: Energy ratio module failed to calculate ensemble conformation energy for InChI=1S/C7H10O/c8-6-4-3-7(6)2-1-5(4)7/h4-6,8H,1-3H2/t4-,5-,6+,7+/m1/s1: Failed to generate conformations.
WARNING: Energy ratio module failed to calculate ensemble conformation energy for InChI=1S/C8H10O/c1-8-2-3-4(8)6-7(9-6)5(3)8/h3-7H,2H2,1H3/t3-,4+,5-,6-,7+,8+: Failed to generate conformations.
WARNING: Energy ratio module failed to calculate ensemble conformation energy for InChI=1S/C6H8O2/c1-3-5-4(1)6(3)8-2-7-5/h3-6H,1-2H2/t3-,4+,5-,6+: Failed to generate conformations.
WARNING: Energy ratio module failed to calculate ensemble conformation energy for InChI=1S/C7H11N/c1-3-4-5(3)7(2)6(4)8-7/h3-6,8H,1-2H3/t3-,4+,5-,6+,7-/m0/s1: Failed to generate conformations.
[16:24:50] UFFTYPER: Warning: hybridization set to SP3 for atom 6
WARNING: Energy ratio module failed to calculate ensemble conformation energy for InChI=1S/C7H7NO/c1-6-2-7(3-8)4(6)9-5(6)7/h4-5H,2H2,1H3/t4-,5+,6-,7-: Failed to generate conformations.
WARNING: Energy ratio module failed to calculate ensemble conformation energy for InChI=1S/C7H10O/c1-6-3-7(8)4(6)2-5(6)7/h4-5,8H,2-3H2,1H3/t4-,5+,6-,7-: Failed to generate conformations.
WARNING: Energy ratio module failed to calculate ensemble conformation energy for InChI=1S/C6H7NO/c1-5-2-6(7-3-5)4(5)8-6/h3-4H,2H2,1H3/t4-,5-,6+/m1/s1: Failed to generate conformations.
[16:24:58] UFFTYPER: Unrecognized charge state for atom: 10
WARNING: Energy ratio module failed to calculate ensemble conformation energy for InChI=1S/C6H6O2/c7-2-6-4-1-3(4)5(6)8-6/h2-5H,1H2/t3-,4+,5+,6-/m0/s1: Failed to generate conformations.
[16:25:01] UFFTYPER: Warning: hybridization set to SP3 for atom 6
[16:25:01] UFFTYPER: Unrecognized charge state for atom: 2
[16:25:01] UFFTYPER: Unrecognized atom type: S_5+6 (21)
WARNING: Energy ratio module failed to calculate conformation energy for InChI=1S/C6H16OS/c1-6(2,3)8(4,5)7/h8H,1-5H3: Pre-condition Violation
	bad params pointer
	Violation occurred on line 79 in file Code/ForceField/UFF/AngleBend.cpp
	Failed Expression: at2Params
	RDKIT: 2025.03.5
	BOOST: 1_85

WARNING: Energy ratio module failed to calculate ensemble conformation energy for InChI=1S/C6H16OS/c1-6(2,3)8(4,5)7/h8H,1-5H3: Pre-condition Violation
	bad params pointer
	Violation occurred on line 79 in file Code/ForceField/UFF/AngleBend.cpp
	Failed Expression: at2Params
	RDKIT: 2025.03.5
	BOOST: 1_85

[16:25:04] UFFTYPER: Warning: hybridization set to SP3 for atom 0
[16:25:04] UFFTYPER: Warning: hybridization set to SP3 for atom 3
[16:25:04] UFFTYPER: Warning: hybridization set to SP3 for atom 4
WARNING: Energy ratio module failed to calculate ensemble conformation energy for InChI=1S/CH2Si3/c1-3-2-4(1)3/h1H2: Failed to generate conformations.
[16:25:05] UFFTYPER: Unrecognized charge state for atom: 15
[16:25:05] UFFTYPER: Unrecognized atom type: Se2+2 (1)
[16:25:06] UFFTYPER: Warning: hybridization set to SP3 for atom 5
WARNING: Energy ratio module failed to calculate ensemble conformation energy for InChI=1S/C6H7NO/c8-4-5-1-6-3-7(6)2-5/h2,4,6H,1,3H2/t6-,7+/m1/s1: Failed to generate conformations.
[16:25:09] UFFTYPER: Unrecognized charge state for atom: 4
WARNING: Energy ratio module failed to calculate ensemble conformation energy for InChI=1S/C7H9N/c1-4-5-2-6(4)7(5)3-8/h4-7H,2H2,1H3/t4-,5+,6-,7-: Failed to generate conformations.
[16:25:14] UFFTYPER: Warning: hybridization set to SP3 for atom 4
[16:25:14] UFFTYPER: Unrecognized charge state for atom: 4
WARNING: Energy ratio module failed to calculate ensemble conformation energy for InChI=1S/C9H10/c1-3-9-6(2)8(9)4-7(9)5-8/h1,6-7H,4-5H2,2H3/t6-,7-,8+,9+/m1/s1: Failed to generate conformations.
WARNING: Energy ratio module failed to calculate ensemble conformation energy for InChI=1S/C6H7N3/c7-1-2-8-6-3-5-4-9(5)6/h5H,2-4H2/t5-,9+/m1/s1: Failed to generate conformations.
[16:25:19] UFFTYPER: Warning: hybridization set to SP3 for atom 9
[16:25:20] UFFTYPER: Warning: hybridization set to SP3 for atom 5
WARNING: Energy ratio module failed to calculate ensemble conformation energy for InChI=1S/C8H8O2/c9-6-2-1-3-5-4(2)8(6)10-7(3)5/h1,3-9H/t3-,4+,5-,6-,7-,8-/m0/s1: Failed to generate conformations.
[16:25:23] UFFTYPER: Warning: hybridization set to SP3 for atom 7
WARNING: Energy ratio module failed to calculate ensemble conformation energy for InChI=1S/C8H13N/c1-5-6(2)8(5)3-7-4-9(7)8/h5-7H,3-4H2,1-2H3/t5-,6+,7-,8-,9+/m0/s1: Failed to generate conformations.
[16:25:25] UFFTYPER: Warning: hybridization set to SP3 for atom 6
WARNING: Energy ratio module failed to calculate ensemble conformation energy for InChI=1S/C5H7N3/c6-5-7-2-1-3-4(2)8(3)5/h2-4H,1H2,(H2,6,7)/t2-,3+,4-,8+/m1/s1: Failed to generate conformations.
[16:25:28] UFFTYPER: Warning: hybridization set to SP3 for atom 8
[16:25:29] UFFTYPER: Warning: hybridization set to SP3 for atom 4
WARNING: Energy ratio module failed to calculate ensemble conformation energy for InChI=1S/C7H11N/c1-2-3-4-5(3)7-6(4)8-7/h3-8H,2H2,1H3/t3-,4+,5-,6+,7-: Failed to generate conformations.
WARNING: Energy ratio module failed to calculate ensemble conformation energy for InChI=1S/C9H12O/c1-5-4-7-8(10)6-2-3-9(5,6)7/h5-7H,2-4H2,1H3/t5-,6-,7+,9+/m0/s1: Failed to generate conformations.
WARNING: Energy ratio module failed to calculate ensemble conformation energy for InChI=1S/C7H7NO/c8-3-4-5-6(4)9-7(5)1-2-7/h4-6H,1-2H2/t4-,5-,6+/m0/s1: Failed to generate conformations.
WARNING: Energy ratio module failed to calculate ensemble conformation energy for InChI=1S/C8H8O/c1-3-6-2-5-7(3)4(1)8(5)9-6/h2-5,7-8H,1H2/t3-,4-,5+,7+,8-/m1/s1: Failed to generate conformations.
[16:25:40] UFFTYPER: Unrecognized atom type: Se2+2 (4)
[16:25:40] UFFTYPER: Unrecognized charge state for atom: 2
[16:25:42] UFFTYPER: Unrecognized charge state for atom: 7
WARNING: Energy ratio module failed to calculate ensemble conformation energy for InChI=1S/C8H11N/c1-6-2-7(3-6)4-9-5-8(6,7)9/h2-5H2,1H3/t6-,7+,8-,9+/m0/s1: Failed to generate conformations.
WARNING: Energy ratio module failed to calculate ensemble conformation energy for InChI=1S/C7H10N2/c1-9-4-2-6(4)5-7(6,9)3-8-5/h4-5,8H,2-3H2,1H3/t4-,5+,6+,7-/m0/s1: Failed to generate conformations.
WARNING: Energy ratio module failed to calculate ensemble conformation energy for InChI=1S/C7H10O2/c1-2-3-5-4(2)6(3)7(5,8)9/h2-6,8-9H,1H3/t2-,3-,4+,5-,6+: Failed to generate conformations.
[16:25:50] UFFTYPER: Unrecognized charge state for atom: 0
[16:25:52] UFFTYPER: Warning: hybridization set to SP3 for atom 0
WARNING: Energy ratio module failed to calculate ensemble conformation energy for InChI=1S/C6H9NO2/c1-8-5-3-9-6(5)2-4(5)7-6/h4,7H,2-3H2,1H3/t4-,5+,6-/m0/s1: Failed to generate conformations.
[16:25:56] UFFTYPER: Unrecognized charge state for atom: 2
WARNING: Energy ratio module failed to calculate ensemble conformation energy for InChI=1S/C7H7NO/c1-2-7-5-3-4(6(7)9)8(5)7/h1,4-6,9H,3H2/t4-,5+,6-,7+,8+/m0/s1: Failed to generate conformations.
[16:26:00] UFFTYPER: Unrecognized atom type: As2+3 (2)
[16:26:01] UFFTYPER: Warning: hybridization set to SP3 for atom 13
WARNING: Energy ratio module failed to calculate ensemble conformation energy for InChI=1S/C8H11N/c1-2-5(1)6-3-8-4-9(8)7(6)8/h5-7H,1-4H2/t6-,7+,8+,9-/m1/s1: Failed to generate conformations.
WARNING: Energy ratio module failed to calculate ensemble conformation energy for InChI=1S/C6H9NO/c1-4-5-6(1,2-7-5)3-8-4/h4-5,7H,1-3H2/t4-,5+,6+/m1/s1: Failed to generate conformations.
[16:26:10] UFFTYPER: Warning: hybridization set to SP3 for atom 4
WARNING: Energy ratio module failed to calculate ensemble conformation energy for InChI=1S/C7H8O2/c1-7-2-5(7)4-9-6(7)3-8/h2-3,6H,4H2,1H3/t6-,7+/m0/s1: Failed to generate conformations.
[16:26:13] UFFTYPER: Warning: hybridization set to SP3 for atom 3
[16:26:14] UFFTYPER: Unrecognized charge state for atom: 4
[16:26:15] UFFTYPER: Warning: hybridization set to SP3 for atom 6
[16:26:15] UFFTYPER: Unrecognized charge state for atom: 6
WARNING: Energy ratio module failed to calculate ensemble conformation energy for InChI=1S/C7H11NO/c1-4-5(2)8-6(3-9)7(4)8/h3-7H,1-2H3/t4-,5+,6-,7+,8-/m1/s1: Failed to generate conformations.
[16:26:21] UFFTYPER: Warning: hybridization set to SP3 for atom 6
[16:26:21] UFFTYPER: Unrecognized charge state for atom: 6
[16:26:22] UFFTYPER: Unrecognized charge state for atom: 5
[16:26:22] UFFTYPER: Unrecognized charge state for atom: 6
WARNING: Energy ratio module failed to calculate ensemble conformation energy for InChI=1S/C3H5N/c1-3-2-4(1)3/h3H,1-2H2/t3-,4+: Failed to generate conformations.
[16:26:24] UFFTYPER: Warning: hybridization set to SP3 for atom 5
WARNING: Energy ratio module failed to calculate ensemble conformation energy for InChI=1S/C7H7NO/c1-2-7(9)5-3-4-6(7)8(4)5/h1,4-6,9H,3H2/t4-,5+,6-,7-,8+/m0/s1: Failed to generate conformations.
WARNING: Energy ratio module failed to calculate ensemble conformation energy for InChI=1S/C7H10O2/c1-7(2-8)3-4(7)6-5(3)9-6/h3-6,8H,2H2,1H3/t3-,4+,5-,6+,7+: Failed to generate conformations.
[16:26:30] UFFTYPER: Unrecognized charge state for atom: 13
WARNING: Energy ratio module failed to calculate ensemble conformation energy for InChI=1S/C7H9NO/c1-6-4-5(6)9-3-7(6)2-8(4)7/h4-5H,2-3H2,1H3/t4-,5+,6-,7+,8+/m1/s1: Failed to generate conformations.
[16:26:33] UFFTYPER: Warning: hybridization set to SP3 for atom 0
WARNING: Energy ratio module failed to calculate ensemble conformation energy for InChI=1S/C7H8O2/c1-7-3-2(6(7)9)4(7)5(3)8/h2-5,8H,1H3/t2-,3+,4-,5-,7+: Failed to generate conformations.
[16:26:36] UFFTYPER: Warning: hybridization set to SP3 for atom 5
WARNING: Energy ratio module failed to calculate ensemble conformation energy for InChI=1S/C7H10O/c8-7-3-4-5(7)1-2-6(4)7/h4-6,8H,1-3H2/t4-,5-,6+,7-: Failed to generate conformations.
WARNING: Energy ratio module failed to calculate ensemble conformation energy for InChI=1S/C6H6O3/c1-3-4-5(1)6(3,9-4)8-2-7-5/h3-4H,1-2H2/t3-,4-,5-,6+/m1/s1: Failed to generate conformations.
WARNING: Energy ratio module failed to calculate ensemble conformation energy for InChI=1S/C8H8O/c9-7-6-4-3-1-2-8(6,7)5(3)4/h1-7,9H/t3-,4+,5-,6+,7+,8+/m0/s1: Failed to generate conformations.
WARNING: Energy ratio module failed to calculate ensemble conformation energy for InChI=1S/C7H8O/c8-6-2-3-4-1-5(3)7(4)6/h3-5,7H,1-2H2/t3-,4-,5+,7+: Failed to generate conformations.
[16:26:48] UFFTYPER: Unrecognized charge state for atom: 18
WARNING: Energy ratio module failed to calculate ensemble conformation energy for InChI=1S/C8H10O2/c1-3-2-8-5-4(3)6(5)9-7(8)10-8/h3-7H,2H2,1H3/t3-,4-,5+,6-,7-,8-/m0/s1: Failed to generate conformations.
WARNING: Energy ratio module failed to calculate ensemble conformation energy for InChI=1S/C6H11NO/c1-4-2-5-6(3-8)7(4)5/h4-6,8H,2-3H2,1H3/t4-,5-,6+,7-/m1/s1: Failed to generate conformations.
[16:26:57] UFFTYPER: Warning: hybridization set to SP3 for atom 7
[16:26:58] UFFTYPER: Warning: hybridization set to SP3 for atom 6
[16:27:00] UFFTYPER: Warning: hybridization set to SP3 for atom 0
[16:27:01] UFFTYPER: Warning: hybridization set to SP3 for atom 6
WARNING: Energy ratio module failed to calculate ensemble conformation energy for InChI=1S/C7H8O3/c1-2-8-5-3(1)4-6-7(5,9-4)10-6/h3-6H,1-2H2/t3-,4+,5-,6+,7+/m0/s1: Failed to generate conformations.
WARNING: Energy ratio module failed to calculate ensemble conformation energy for InChI=1S/C7H6O2/c8-5-4-3-2-1-6(3,5)7(2,4)9/h2-4,9H,1H2/t2-,3+,4-,6+,7+/m0/s1: Failed to generate conformations.
WARNING: Energy ratio module failed to calculate ensemble conformation energy for InChI=1S/C7H9NO/c1-4-5-2-8(5)7(4)3-9-6(1)7/h4-6H,1-3H2/t4-,5-,6+,7+,8-/m1/s1: Failed to generate conformations.
[16:27:09] UFFTYPER: Warning: hybridization set to SP3 for atom 4
WARNING: Energy ratio module failed to calculate ensemble conformation energy for InChI=1S/C6H7NO2/c1-8-6-4-3-5(6,9-4)2-7(3)6/h3-4H,2H2,1H3/t3-,4-,5+,6-/m0/s1: Failed to generate conformations.
[16:27:11] UFFTYPER: Warning: hybridization set to SP3 for atom 5
[16:27:12] Both bonds on one end of an atropisomer are on the same side - atoms are: 6 8
[16:27:12] UFFTYPER: Unrecognized charge state for atom: 6
[16:27:14] UFFTYPER: Unrecognized charge state for atom: 5
WARNING: Energy ratio module failed to calculate ensemble conformation energy for InChI=1S/C7H9NO/c9-6-5-4-1-7(5,2-4)3-8-6/h4-5H,1-3H2,(H,8,9)/t4-,5-,7+/m0/s1: Failed to generate conformations.
WARNING: Energy ratio module failed to calculate ensemble conformation energy for InChI=1S/C6H8O2/c1-2-6-4-7-3-5(1,6)8-6/h1-4H2/t5-,6+: Failed to generate conformations.
WARNING: Energy ratio module failed to calculate ensemble conformation energy for InChI=1S/C7H10O/c1-5-2-6(1)7(5)3-8-4-7/h5-6H,1-4H2/t5-,6+: Failed to generate conformations.
[16:27:27] UFFTYPER: Unrecognized charge state for atom: 11
WARNING: Energy ratio module failed to calculate ensemble conformation energy for InChI=1S/C7H11N/c1-2-7-4-3-5(7)6(4)8-7/h4-6,8H,2-3H2,1H3/t4-,5+,6-,7+: Failed to generate conformations.
WARNING: Energy ratio module failed to calculate ensemble conformation energy for InChI=1S/C6H8O2/c1-2-7-6-3-5(1,6)8-4-6/h1-4H2/t5-,6+/m1/s1: Failed to generate conformations.
WARNING: Energy ratio module failed to calculate ensemble conformation energy for InChI=1S/C9H12/c1-3-4-7-5-8-6(2)9(7)8/h1,6-9H,4-5H2,2H3/t6-,7+,8+,9+/m1/s1: Failed to generate conformations.
WARNING: Energy ratio module failed to calculate ensemble conformation energy for InChI=1S/C7H9NO/c1-3-4-6-7(2-9-7)5(3)8(4)6/h3-6H,2H2,1H3/t3-,4-,5+,6-,7-,8+/m1/s1: Failed to generate conformations.
[16:27:41] UFFTYPER: Unrecognized charge state for atom: 3
[16:27:41] UFFTYPER: Unrecognized charge state for atom: 4
WARNING: Energy ratio module failed to calculate ensemble conformation energy for InChI=1S/C7H10O2/c8-6-5-4-1-2-7(4,6)3-9-5/h4-6,8H,1-3H2/t4-,5-,6+,7+/m0/s1: Failed to generate conformations.
[16:27:46] UFFTYPER: Warning: hybridization set to SP3 for atom 0
WARNING: Energy ratio module failed to calculate ensemble conformation energy for InChI=1S/C7H12N2/c1-6(2)7(4-8-7)5-3-9(5)6/h5,8H,3-4H2,1-2H3/t5-,7-,9-/m0/s1: Failed to generate conformations.
WARNING: Energy ratio module failed to calculate ensemble conformation energy for InChI=1S/C8H9N/c1-2-8-5-7-6(8)3-4-9(7)8/h1,6-7H,3-5H2/t6-,7-,8+/m0/s1: Failed to generate conformations.
WARNING: Energy ratio module failed to calculate ensemble conformation energy for InChI=1S/C3H5N3/c1-3-5-6(3)2-4-1/h2-3,5H,1H2/t3-,6-/m0/s1: Failed to generate conformations.
WARNING: Energy ratio module failed to calculate ensemble conformation energy for InChI=1S/C7H8N2/c8-2-1-7-3-4-5(7)9-6(4)7/h4-6,9H,1,3H2/t4-,5-,6+,7+: Failed to generate conformations.
[16:27:57] UFFTYPER: Warning: hybridization set to SP3 for atom 8
[16:27:57] UFFTYPER: Unrecognized atom type: Se2+2 (3)
WARNING: Energy ratio module failed to calculate ensemble conformation energy for InChI=1S/C6H10O2/c1-3(7)6-4-2-5(4)8-6/h3-7H,2H2,1H3/t3-,4+,5-,6+/m1/s1: Failed to generate conformations.
WARNING: Energy ratio module failed to calculate ensemble conformation energy for InChI=1S/C6H9N/c1-4-2-6(1)3-7-5(4)6/h4-5,7H,1-3H2/t4-,5-,6+/m0/s1: Failed to generate conformations.
[16:28:06] UFFTYPER: Warning: hybridization set to SP3 for atom 3
WARNING: Energy ratio module failed to calculate ensemble conformation energy for InChI=1S/C9H10/c1-3-6-8-7-4-5(2)9(6,7)8/h1,5-8H,4H2,2H3/t5-,6-,7+,8+,9-/m1/s1: Failed to generate conformations.
WARNING: Energy ratio module failed to calculate ensemble conformation energy for InChI=1S/C7H10O/c1-6-4-3-7(6,8-2)5(4)6/h4-5H,3H2,1-2H3/t4-,5+,6-,7-/m1/s1: Failed to generate conformations.
[16:28:13] UFFTYPER: Warning: hybridization set to SP3 for atom 8
[16:28:14] UFFTYPER: Unrecognized charge state for atom: 8
[16:28:16] UFFTYPER: Warning: hybridization set to SP3 for atom 4
WARNING: Energy ratio module failed to calculate ensemble conformation energy for InChI=1S/C6H6N2/c7-2-6-4-1-5(4,6)3-8-6/h4,8H,1,3H2/t4-,5-,6+/m0/s1: Failed to generate conformations.
[16:28:21] UFFTYPER: Unrecognized charge state for atom: 0
[16:28:21] UFFTYPER: Unrecognized charge state for atom: 4
WARNING: Energy ratio module failed to calculate ensemble conformation energy for InChI=1S/C7H6O2/c8-5-2-1-7-3(2)6(9-7)4(5)7/h2-4,6H,1H2/t2-,3+,4-,6+,7-/m1/s1: Failed to generate conformations.
WARNING: Energy ratio module failed to calculate ensemble conformation energy for InChI=1S/C7H10N2/c1-4-2-5-6-3-8-7(4)9(5)6/h4-6H,2-3H2,1H3/t4-,5-,6+,9-/m0/s1: Failed to generate conformations.
WARNING: Energy ratio module failed to calculate ensemble conformation energy for InChI=1S/C6H10O/c1-6-2-4(3-6)5(6)7/h4-5,7H,2-3H2,1H3/t4-,5-,6+/m0/s1: Failed to generate conformations.
WARNING: Energy ratio module failed to calculate ensemble conformation energy for InChI=1S/C7H8N2/c1-5-7-2-6(3-8)4-9(5)7/h4-5,7H,2H2,1H3/t5-,7+,9-/m0/s1: Failed to generate conformations.
WARNING: Energy ratio module failed to calculate ensemble conformation energy for InChI=1S/C6H10O3/c7-3-6(9)4-1-5(6,8)2-4/h4,7-9H,1-3H2/t4-,5-,6-/m1/s1: Failed to generate conformations.
[16:28:35] UFFTYPER: Unrecognized charge state for atom: 8
WARNING: Energy ratio module failed to calculate ensemble conformation energy for InChI=1S/C8H8O/c1-2-4-5-3(1)8(6(4)5)7(2)9-8/h2-7H,1H2/t2-,3+,4-,5+,6-,7-,8-/m1/s1: Failed to generate conformations.
WARNING: Energy ratio module failed to calculate ensemble conformation energy for InChI=1S/C6H7N/c7-3-6-4-1-5(6)2-4/h4-6H,1-2H2/t4-,5+,6-: Failed to generate conformations.
[16:28:43] UFFTYPER: Warning: hybridization set to SP3 for atom 4
[16:28:44] UFFTYPER: Warning: hybridization set to SP3 for atom 1
[16:28:44] UFFTYPER: Unrecognized charge state for atom: 1
[16:28:44] UFFTYPER: Unrecognized charge state for atom: 7
WARNING: Energy ratio module failed to calculate ensemble conformation energy for InChI=1S/C7H11NO/c9-2-4-5-1-6(4)7(5)3-8-7/h4-6,8-9H,1-3H2/t4-,5+,6-,7-: Failed to generate conformations.
[16:28:48] UFFTYPER: Warning: hybridization set to SP3 for atom 1
WARNING: Energy ratio module failed to calculate ensemble conformation energy for InChI=1S/C7H9NO/c1-6-2-5-3-7(6,4-9)8(5)6/h4-5H,2-3H2,1H3/t5-,6+,7+,8+/m1/s1: Failed to generate conformations.
[16:28:55] UFFTYPER: Unrecognized charge state for atom: 6
[16:28:57] UFFTYPER: Unrecognized atom type: B_1 (2)
[16:28:59] UFFTYPER: Unrecognized charge state for atom: 15
WARNING: Energy ratio module failed to calculate ensemble conformation energy for InChI=1S/C6H7NO2/c1-6-2-3-4(6)8-5(7-3)9-6/h3-4H,2H2,1H3/t3-,4-,6+/m0/s1: Failed to generate conformations.
[16:29:04] UFFTYPER: Warning: hybridization set to SP3 for atom 9
WARNING: Energy ratio module failed to calculate ensemble conformation energy for InChI=1S/C7H9NO/c1-2-9-7-4-5-3(1)8(5)6(4)7/h3-7H,1-2H2/t3-,4+,5-,6-,7+,8-/m0/s1: Failed to generate conformations.
[16:29:11] UFFTYPER: Unrecognized atom type: B_1 (13)
WARNING: Energy ratio module failed to calculate ensemble conformation energy for InChI=1S/C8H9N/c1-2-9-7-4(1)8(9)6-3-5(6)7/h1-2,4-8H,3H2/t4-,5-,6+,7+,8-: Failed to generate conformations.
WARNING: Energy ratio module failed to calculate ensemble conformation energy for InChI=1S/C8H12O/c1-2-5(1)3-6-7-4-9-8(6)7/h5-8H,1-4H2/t6-,7+,8-/m1/s1: Failed to generate conformations.
[16:29:15] UFFTYPER: Warning: hybridization set to SP3 for atom 5
[16:29:15] UFFTYPER: Unrecognized atom type: B_1 (0)
[16:29:15] UFFTYPER: Warning: hybridization set to SP3 for atom 4
[16:29:15] UFFTYPER: Unrecognized charge state for atom: 4
[16:29:16] UFFTYPER: Unrecognized atom type: As2+3 (5)
[16:29:17] UFFTYPER: Unrecognized atom type: B_1 (6)
WARNING: Energy ratio module failed to calculate ensemble conformation energy for InChI=1S/C8H13N/c9-8-5-3-6(8)7(5)4-1-2-4/h4-8H,1-3,9H2/t5-,6+,7+,8-: Failed to generate conformations.
WARNING: Energy ratio module failed to calculate ensemble conformation energy for InChI=1S/C5H8N2O2/c8-4-6-1-5(9)2-7(4)3-5/h9H,1-3H2,(H,6,8): Failed to generate conformations.
[16:29:25] UFFTYPER: Warning: hybridization set to SP3 for atom 2
WARNING: Energy ratio module failed to calculate ensemble conformation energy for InChI=1S/C7H6N2/c1-6-3-4-5(3)9(6)7(4,6)2-8/h3-5H,1H3/t3-,4+,5-,6+,7-,9+/m0/s1: Failed to generate conformations.
WARNING: Energy ratio module failed to calculate ensemble conformation energy for InChI=1S/C6H10O3/c7-3-5-1-6(9,2-5)4(5)8/h4,7-9H,1-3H2/t4-,5-,6-/m1/s1: Failed to generate conformations.
WARNING: Energy ratio module failed to calculate ensemble conformation energy for InChI=1S/C7H7N/c1-2-7-4-5-3-6(7)8(5)7/h1,5-6H,3-4H2/t5-,6+,7-,8+/m0/s1: Failed to generate conformations.
WARNING: Energy ratio module failed to calculate ensemble conformation energy for InChI=1S/C6H7NO/c7-2-5-3-1-4(5)6(3)8/h3-6,8H,1H2/t3-,4+,5-,6-: Failed to generate conformations.
[16:29:33] UFFTYPER: Warning: hybridization set to SP3 for atom 10
[16:29:33] UFFTYPER: Warning: hybridization set to SP3 for atom 7
WARNING: Energy ratio module failed to calculate ensemble conformation energy for InChI=1S/C8H10O/c1-7-4-6(7)5-9-8(7)2-3-8/h5H,2-4H2,1H3/t7-/m1/s1: Failed to generate conformations.
WARNING: Energy ratio module failed to calculate ensemble conformation energy for InChI=1S/C7H12O3/c1-2-5-7(9)4(3-8)6(7)10-5/h4-6,8-9H,2-3H2,1H3/t4-,5+,6+,7-/m0/s1: Failed to generate conformations.
WARNING: Energy ratio module failed to calculate ensemble conformation energy for InChI=1S/C7H9N/c1-5-6-2-7(5,3-6)4-8/h5-6H,2-3H2,1H3/t5-,6-,7+/m0/s1: Failed to generate conformations.
WARNING: Energy ratio module failed to calculate ensemble conformation energy for InChI=1S/C6H6N2O/c1-2-3-8-5-4(9-3)6(8)7-5/h1,3-7H/t3-,4-,5+,6-/m0/s1: Failed to generate conformations.
WARNING: Energy ratio module failed to calculate ensemble conformation energy for InChI=1S/C6H9NO/c8-6-4-3-1-2-7(3)5(4)6/h3-6,8H,1-2H2/t3-,4+,5-,6+/m0/s1: Failed to generate conformations.
[16:29:47] UFFTYPER: Unrecognized charge state for atom: 12
WARNING: Energy ratio module failed to calculate ensemble conformation energy for InChI=1S/C6H8N2O/c9-3-2-4-6(7-4)1-8(2)5(3)6/h2-5,7,9H,1H2/t2-,3-,4+,5+,6+/m1/s1: Failed to generate conformations.
WARNING: Energy ratio module failed to calculate ensemble conformation energy for InChI=1S/C7H9NO/c8-2-1-4-5-3-6(4)7(5)9/h4-7,9H,1,3H2/t4-,5-,6+,7+: Failed to generate conformations.
WARNING: Energy ratio module failed to calculate ensemble conformation energy for InChI=1S/C8H11NO/c1-7-3-8(4-7,5-7)6(10)2-9/h6,10H,3-5H2,1H3/t6-,7-,8-/m0/s1: Failed to generate conformations.
WARNING: Energy ratio module failed to calculate ensemble conformation energy for InChI=1S/C7H9NO/c1-4-6-5(2-3-8)7(6)9-4/h4-7H,2H2,1H3/t4-,5+,6-,7+/m1/s1: Failed to generate conformations.
WARNING: Energy ratio module failed to calculate ensemble conformation energy for InChI=1S/C7H9NO/c9-7-5-4-2-1-3-8(7)6(4)5/h4-6H,1-3H2/t4-,5+,6-/m1/s1: Failed to generate conformations.
WARNING: Energy ratio module failed to calculate ensemble conformation energy for InChI=1S/C6H6O2/c7-5-4-2-1-3(4)6(2,5)8/h2-4,8H,1H2/t2-,3+,4-,6-: Failed to generate conformations.
[16:30:06] UFFTYPER: Warning: hybridization set to SP3 for atom 1
WARNING: Energy ratio module failed to calculate ensemble conformation energy for InChI=1S/C7H12O2/c1-6-3-7(8,4-6)5(6)9-2/h5,8H,3-4H2,1-2H3/t5-,6-,7-/m1/s1: Failed to generate conformations.
WARNING: Energy ratio module failed to calculate ensemble conformation energy for InChI=1S/C7H9NO/c1-4-3-8(4)5-2-7(1)6(5)9-7/h4-6H,1-3H2/t4-,5+,6-,7+,8+/m1/s1: Failed to generate conformations.
WARNING: Energy ratio module failed to calculate ensemble conformation energy for InChI=1S/C7H6N2/c8-4-7-5-2-1-3-6(7)9(5)7/h1-2,5-6H,3H2/t5-,6+,7-,9+/m1/s1: Failed to generate conformations.
WARNING: Energy ratio module failed to calculate ensemble conformation energy for InChI=1S/C8H12O/c1-3-8-6-4(2)5(6)7(8)9-8/h4-7H,3H2,1-2H3/t4-,5+,6-,7+,8-/m0/s1: Failed to generate conformations.
WARNING: Energy ratio module failed to calculate ensemble conformation energy for InChI=1S/C7H11NO/c1-3-4-6(2)5(3)7(4,9)8-6/h3-5,8-9H,1-2H3/t3-,4-,5+,6-,7-: Failed to generate conformations.
[16:30:22] UFFTYPER: Unrecognized charge state for atom: 4
[16:30:22] UFFTYPER: Unrecognized charge state for atom: 8
WARNING: Energy ratio module failed to calculate ensemble conformation energy for InChI=1S/C8H10O/c1-7-3-6-8(7,9-6)5-2-4(5)7/h4-6H,2-3H2,1H3/t4-,5+,6-,7+,8-/m0/s1: Failed to generate conformations.
[16:30:25] UFFTYPER: Warning: hybridization set to SP3 for atom 3
WARNING: Energy ratio module calculated average energy of molecule 0 for InChI=1S/Al.3FH/h;3*1H/q+3;;;/p-3
WARNING: Energy ratio module failed to calculate ensemble conformation energy for InChI=1S/C6H9NO/c1-8-6-2-3(6)5-4(2)7-5/h2-7H,1H3/t2-,3+,4-,5+,6+: Failed to generate conformations.
WARNING: Energy ratio module failed to calculate ensemble conformation energy for InChI=1S/C7H8N2/c8-4-7(5-1-2-5)6-3-9(6)7/h5-6H,1-3H2/t6-,7-,9-/m0/s1: Failed to generate conformations.
[16:30:32] UFFTYPER: Warning: hybridization set to SP3 for atom 6
WARNING: Energy ratio module failed to calculate ensemble conformation energy for InChI=1S/C7H7NO/c8-3-6-1-7(2-6)4-9-5(6)7/h5H,1-2,4H2/t5-,6-,7+/m1/s1: Failed to generate conformations.
[16:30:36] UFFTYPER: Unrecognized charge state for atom: 3
[16:30:36] UFFTYPER: Unrecognized charge state for atom: 12
WARNING: Energy ratio module failed to calculate ensemble conformation energy for InChI=1S/C6H9N3/c1-6-2-8-4-9(3-6)5(6)7/h4,7H,2-3H2,1H3/t6-/m0/s1: Failed to generate conformations.
WARNING: Energy ratio module failed to calculate ensemble conformation energy for InChI=1S/C7H10O/c1-8-7-3-4-5(7)2-6(4)7/h4-6H,2-3H2,1H3/t4-,5-,6+,7-: Failed to generate conformations.
[16:30:44] UFFTYPER: Warning: hybridization set to SP3 for atom 0
WARNING: Energy ratio module failed to calculate ensemble conformation energy for InChI=1S/C6H6O3/c1-9-6-3-2(4(6)7)5(3,6)8/h2-3,8H,1H3/t2-,3-,5-,6-/m0/s1: Failed to generate conformations.
[16:30:47] UFFTYPER: Unrecognized charge state for atom: 8
WARNING: Energy ratio module failed to calculate ensemble conformation energy for InChI=1S/C7H10O/c1-6-3-4(6)5-7(6,2)8-5/h4-5H,3H2,1-2H3/t4-,5-,6-,7-/m1/s1: Failed to generate conformations.
WARNING: Energy ratio module failed to calculate ensemble conformation energy for InChI=1S/C6H7NO/c7-3-6-1-4(2-6)5(6)8/h4-5,8H,1-2H2/t4-,5-,6+/m1/s1: Failed to generate conformations.
WARNING: Energy ratio module failed to calculate ensemble conformation energy for InChI=1S/C7H8O2/c8-6-3-1-4(3)7-5(6)2-9-7/h3-5,7H,1-2H2/t3-,4+,5+,7+/m0/s1: Failed to generate conformations.
[16:30:55] UFFTYPER: Unrecognized atom type: Se2+2 (2)
[16:30:55] UFFTYPER: Unrecognized charge state for atom: 3
WARNING: Energy ratio module failed to calculate ensemble conformation energy for InChI=1S/C7H9NO/c1-2-7-6(1,8-7)4-3-5(4)9-7/h4-5,8H,1-3H2/t4-,5+,6+,7-/m1/s1: Failed to generate conformations.
WARNING: Energy ratio module failed to calculate ensemble conformation energy for InChI=1S/C8H10O/c1-4-2-8(5(1)4)3-6-7(8)9-6/h4-7H,1-3H2/t4-,5-,6-,7-,8+/m1/s1: Failed to generate conformations.
WARNING: Energy ratio module failed to calculate ensemble conformation energy for InChI=1S/C7H7NO2/c1-2-5-7-4(1)9-6(7,10-5)3-8-7/h1-2,4-5,8H,3H2/t4-,5+,6+,7+: Failed to generate conformations.
WARNING: Energy ratio module failed to calculate ensemble conformation energy for InChI=1S/C9H14/c1-5-7-4-8(5)9(7)6-2-3-6/h5-9H,2-4H2,1H3/t5-,7+,8-,9-: Failed to generate conformations.
WARNING: Energy ratio module failed to calculate ensemble conformation energy for InChI=1S/C7H10O2/c1-4-2-6(8)5-3-9-7(4,5)6/h4-5,8H,2-3H2,1H3/t4-,5+,6-,7+/m1/s1: Failed to generate conformations.
WARNING: Energy ratio module failed to calculate ensemble conformation energy for InChI=1S/C8H11N/c1-2-8(1)5-3-7(8)9-4-6(5)9/h5-7H,1-4H2/t5-,6+,7-,9+/m0/s1: Failed to generate conformations.
[16:31:14] UFFTYPER: Unrecognized atom type: Se2+2 (3)
[16:31:15] UFFTYPER: Unrecognized charge state for atom: 5
[16:31:17] UFFTYPER: Unrecognized atom type: Se2+2 (3)
WARNING: Energy ratio module failed to calculate ensemble conformation energy for InChI=1S/C8H12O2/c1-3(2)8(9)4-5(8)7-6(4)10-7/h3-7,9H,1-2H3/t4-,5+,6-,7+,8+: Failed to generate conformations.
[16:31:20] UFFTYPER: Unrecognized atom type: B_1 (12)
[16:31:21] UFFTYPER: Unrecognized atom type: B_1 (8)
WARNING: Energy ratio module failed to calculate ensemble conformation energy for InChI=1S/C8H12O/c1-3-4-5(3)8(2)6(4)7(8)9/h3-7,9H,1-2H3/t3-,4-,5+,6+,7-,8+/m1/s1: Failed to generate conformations.
[16:31:30] UFFTYPER: Unrecognized charge state for atom: 3
WARNING: Energy ratio module failed to calculate ensemble conformation energy for InChI=1S/C8H9N/c9-2-1-8-4-5-6(8)3-7(5)8/h5-7H,1,3-4H2/t5-,6-,7+,8+: Failed to generate conformations.
WARNING: Energy ratio module failed to calculate ensemble conformation energy for InChI=1S/C8H8O/c9-7-3-1-2(5(3)7)6-4(1)8(6)9/h1-8H/t1-,2+,3-,4+,5+,6-,7-,8+: Failed to generate conformations.
WARNING: Energy ratio module failed to calculate ensemble conformation energy for InChI=1S/C9H10/c1-4-2-7-8-5(1)3-6(4)9(7)8/h2,4-6,8-9H,1,3H2/t4-,5-,6-,8+,9-/m1/s1: Failed to generate conformations.
[16:31:43] UFFTYPER: Warning: hybridization set to SP3 for atom 5
WARNING: Energy ratio module failed to calculate ensemble conformation energy for InChI=1S/C7H8O2/c1-6-4(8-6)3-2-7(6)5(3)9-7/h3-5H,2H2,1H3/t3-,4-,5+,6-,7+/m1/s1: Failed to generate conformations.
[16:31:48] UFFTYPER: Warning: hybridization set to SP3 for atom 5
WARNING: Energy ratio module failed to calculate ensemble conformation energy for InChI=1S/C7H10O2/c8-5-1-4-2-7(5)3-9-6(4)7/h4-6,8H,1-3H2/t4-,5+,6+,7+/m1/s1: Failed to generate conformations.
WARNING: Energy ratio module failed to calculate ensemble conformation energy for InChI=1S/C6H6N2O/c1-2-5-4-3-8(5)7-6(4)9/h1,4-5H,3H2,(H,7,9)/t4-,5-/m1/s1: Failed to generate conformations.
WARNING: Energy ratio module failed to calculate ensemble conformation energy for InChI=1S/C7H9NO/c1-3-6-5-4(1)8-7(3,5)2-9-6/h3-6,8H,1-2H2/t3-,4+,5+,6-,7-/m0/s1: Failed to generate conformations.
[16:31:57] UFFTYPER: Unrecognized atom type: Se2+2 (2)
WARNING: Energy ratio module failed to calculate ensemble conformation energy for InChI=1S/C9H8/c1-3-8-7-5-9(8,4-2)6-7/h1-2,7-8H,5-6H2/t7-,8-,9+/m1/s1: Failed to generate conformations.
[16:32:01] UFFTYPER: Warning: hybridization set to SP3 for atom 6
[16:32:01] UFFTYPER: Unrecognized atom type: Se2+2 (9)
WARNING: Energy ratio module failed to calculate ensemble conformation energy for InChI=1S/C8H8O/c1-2-8-3-5-6(8)4-9-7(5)8/h1,5-7H,3-4H2/t5-,6-,7+,8+/m0/s1: Failed to generate conformations.
[16:32:05] UFFTYPER: Unrecognized charge state for atom: 0
[16:32:05] UFFTYPER: Unrecognized charge state for atom: 0
WARNING: Energy ratio module failed to calculate ensemble conformation energy for InChI=1S/C8H12O/c1-2-8-3-6(4-8)7(8)5-9/h5-7H,2-4H2,1H3/t6-,7-,8+/m0/s1: Failed to generate conformations.
[16:32:11] UFFTYPER: Unrecognized charge state for atom: 8
[16:32:13] UFFTYPER: Unrecognized charge state for atom: 9
[16:32:16] UFFTYPER: Unrecognized atom type: B_1 (1)
[16:32:17] UFFTYPER: Warning: hybridization set to SP3 for atom 6
WARNING: Energy ratio module failed to calculate ensemble conformation energy for InChI=1S/C7H8O2/c1-6-2-7(3-8)4(6)9-5(6)7/h3-5H,2H2,1H3/t4-,5+,6-,7-: Failed to generate conformations.
[16:32:20] UFFTYPER: Warning: hybridization set to SP3 for atom 4
[16:32:20] UFFTYPER: Unrecognized charge state for atom: 11
[16:32:21] UFFTYPER: Warning: hybridization set to SP3 for atom 1
[16:32:21] UFFTYPER: Warning: hybridization set to SP3 for atom 0
WARNING: Energy ratio module calculated average energy of molecule 0 for InChI=1S/Al.3FH/h;3*1H/q+3;;;/p-3
[16:32:23] UFFTYPER: Unrecognized charge state for atom: 9
WARNING: Energy ratio module failed to calculate ensemble conformation energy for InChI=1S/C5H7N/c1-5-3-2-6(5)4(3)5/h3-4H,2H2,1H3/t3-,4+,5-,6+/m1/s1: Failed to generate conformations.
WARNING: Energy ratio module failed to calculate ensemble conformation energy for InChI=1S/C8H12/c1-7-3-6-5(7)4-8(6,7)2/h5-6H,3-4H2,1-2H3/t5-,6-,7+,8+/m1/s1: Failed to generate conformations.
[16:32:28] UFFTYPER: Unrecognized charge state for atom: 6
WARNING: Energy ratio module failed to calculate ensemble conformation energy for InChI=1S/C8H10O/c1-3-6-4(1)7(3)8(6)5-2-9-5/h3-8H,1-2H2/t3-,4+,5-,6-,7+,8-/m1/s1: Failed to generate conformations.
WARNING: Energy ratio module failed to calculate ensemble conformation energy for InChI=1S/C8H10/c1-3-7-6-4-8(7,2)5-6/h1,6-7H,4-5H2,2H3/t6-,7-,8+/m0/s1: Failed to generate conformations.
WARNING: Energy ratio module failed to calculate ensemble conformation energy for InChI=1S/C6H8O3/c7-3-5-1-6(9,2-5)4(5)8/h3-4,8-9H,1-2H2/t4-,5-,6-/m0/s1: Failed to generate conformations.
[16:32:39] UFFTYPER: Unrecognized charge state for atom: 3
[16:32:41] UFFTYPER: Warning: hybridization set to SP3 for atom 4
WARNING: Energy ratio module failed to calculate ensemble conformation energy for InChI=1S/C7H11NO/c9-6-1-5-2-7(3-6)4-8(5)7/h5-6,9H,1-4H2/t5-,6+,7-,8+/m1/s1: Failed to generate conformations.
WARNING: Energy ratio module failed to calculate ensemble conformation energy for InChI=1S/C7H10N2/c1-2-4-6-5(3-8)9-7(4)6/h4-7,9H,2H2,1H3/t4-,5+,6-,7-/m0/s1: Failed to generate conformations.
[16:32:49] UFFTYPER: Unrecognized charge state for atom: 7
WARNING: Energy ratio module failed to calculate ensemble conformation energy for InChI=1S/C7H7N/c8-3-7-2-4-5(7)1-6(4)7/h4-6H,1-2H2/t4-,5-,6+,7-: Failed to generate conformations.
[16:32:51] UFFTYPER: Warning: hybridization set to SP3 for atom 0
[16:32:51] UFFTYPER: Warning: hybridization set to SP3 for atom 11
WARNING: Energy ratio module failed to calculate ensemble conformation energy for InChI=1S/C8H10O2/c1-2-9-10-7-5-4-3-8(1,7)6(4)5/h4-7H,1-3H2/t4-,5+,6-,7+,8-/m1/s1: Failed to generate conformations.
[16:32:56] UFFTYPER: Unrecognized charge state for atom: 9
[16:32:57] UFFTYPER: Warning: hybridization set to SP3 for atom 6
WARNING: Energy ratio module failed to calculate ensemble conformation energy for InChI=1S/C8H11N/c1-7-4-8(2,5-7)6(7)3-9/h6H,4-5H2,1-2H3/t6-,7-,8+: Failed to generate conformations.
[16:33:00] UFFTYPER: Warning: hybridization set to SP3 for atom 2
[16:33:00] UFFTYPER: Unrecognized charge state for atom: 2
[16:33:00] UFFTYPER: Unrecognized charge state for atom: 3
[16:33:02] UFFTYPER: Warning: hybridization set to SP3 for atom 2
WARNING: Energy ratio module failed to calculate ensemble conformation energy for InChI=1S/C7H6O2/c8-4-2-7-1-3(7)6(9)5(4)7/h3,5H,1-2H2/t3-,5-,7+/m0/s1: Failed to generate conformations.
[16:33:04] UFFTYPER: Unrecognized charge state for atom: 0
[16:33:04] UFFTYPER: Unrecognized charge state for atom: 2
WARNING: Energy ratio module failed to calculate ensemble conformation energy for InChI=1S/C7H8O3/c8-6(9)7-1-3-4(7)2-10-5(3)7/h3-5H,1-2H2,(H,8,9)/t3-,4-,5+,7-/m1/s1: Failed to generate conformations.
WARNING: Energy ratio module failed to calculate ensemble conformation energy for InChI=1S/C8H12O/c1-7-3-8(4-9)5(7)2-6(7)8/h5-6,9H,2-4H2,1H3/t5-,6+,7-,8-: Failed to generate conformations.
[16:33:14] UFFTYPER: Warning: hybridization set to SP3 for atom 5
[16:33:14] UFFTYPER: Unrecognized charge state for atom: 22
[16:33:15] UFFTYPER: Warning: hybridization set to SP3 for atom 3
[16:33:15] UFFTYPER: Unrecognized charge state for atom: 3
WARNING: Energy ratio module failed to calculate ensemble conformation energy for InChI=1S/C2H6SSi/c1-3-4-2/h1-2H3: Failed to generate conformations.
WARNING: Energy ratio module failed to calculate ensemble conformation energy for InChI=1S/C6H5NO2/c8-5-3-2-1-7(4(2)3)6(5)9/h2-4H,1H2/t2-,3+,4-/m1/s1: Failed to generate conformations.
[16:33:23] UFFTYPER: Unrecognized charge state for atom: 1
[16:33:23] UFFTYPER: Unrecognized charge state for atom: 5
[16:33:23] UFFTYPER: Unrecognized charge state for atom: 12
[16:33:24] UFFTYPER: Unrecognized atom type: Se2+2 (9)
WARNING: Energy ratio module failed to calculate ensemble conformation energy for InChI=1S/C7H8O/c1-2-3-5-4(2)6(3)7(5)8/h2-6H,1H3/t2-,3-,4+,5-,6+: Failed to generate conformations.
[16:33:26] UFFTYPER: Unrecognized charge state for atom: 24
[16:33:27] UFFTYPER: Warning: hybridization set to SP3 for atom 6
[16:33:27] UFFTYPER: Warning: hybridization set to SP3 for atom 6
WARNING: Energy ratio module failed to calculate ensemble conformation energy for InChI=1S/C7H9NO/c8-5-1-4-3-2-7(4,9)6(3)5/h3-4,6,8-9H,1-2H2/t3-,4-,6-,7-/m1/s1: Failed to generate conformations.
[16:33:30] UFFTYPER: Unrecognized charge state for atom: 0
WARNING: Energy ratio module failed to calculate ensemble conformation energy for InChI=1S/C6H9NO2/c1-5-3(7-5)2-4(8)6(2,5)9/h2-4,7-9H,1H3/t2-,3-,4+,5-,6+/m0/s1: Failed to generate conformations.
[16:33:32] UFFTYPER: Warning: hybridization set to SP3 for atom 7
[16:33:34] UFFTYPER: Warning: hybridization set to SP3 for atom 3
WARNING: Energy ratio module failed to calculate ensemble conformation energy for InChI=1S/C7H8O/c1-3-5-4-2-8-7(1,5)6(3)4/h3-6H,1-2H2/t3-,4+,5+,6-,7-: Failed to generate conformations.
WARNING: Energy ratio module failed to calculate ensemble conformation energy for InChI=1S/C6H8O2/c1-2-3-4-5(8-4)6(2,3)7/h2-5,7H,1H3/t2-,3-,4+,5+,6+/m0/s1: Failed to generate conformations.
[16:33:37] UFFTYPER: Unrecognized atom type: As2+3 (2)
[16:33:37] UFFTYPER: Unrecognized atom type: As2+3 (3)
[16:33:37] UFFTYPER: Warning: hybridization set to SP3 for atom 4
[16:33:40] UFFTYPER: Warning: hybridization set to SP3 for atom 1
WARNING: Energy ratio module failed to calculate ensemble conformation energy for InChI=1S/C7H11NO/c1-6-3-7(6,5(6)9)4-2-8-4/h4-5,8-9H,2-3H2,1H3/t4-,5+,6-,7-/m0/s1: Failed to generate conformations.
PoseBuster valid results:
pb_vailla: 0.9824
pb_cfg: 0.9766
pb_ag: 0.9844
pb_mg: 0.9818
