/blue/mingjieliu/jiruijin/github/MolGuidance
c0604a-s18.ufhpc
Wed Dec 10 10:50:07 AM EST 2025
[11:11:20] Explicit valence for atom # 10 N, 4, is greater than permitted
[11:11:20] Explicit valence for atom # 13 O, 3, is greater than permitted
[11:11:20] Can't kekulize mol.  Unkekulized atoms: 5 6 11 15 16
[11:11:20] Explicit valence for atom # 18 S, 7, is greater than permitted
[11:11:20] Explicit valence for atom # 9 C, 5, is greater than permitted
[11:11:20] Explicit valence for atom # 3 C, 5, is greater than permitted
[11:11:20] Explicit valence for atom # 3 O, 3, is greater than permitted
[11:11:20] Explicit valence for atom # 2 B, 4, is greater than permitted
[11:11:20] Explicit valence for atom # 13 N, 4, is greater than permitted
[11:11:20] Can't kekulize mol.  Unkekulized atoms: 4 10 11 16 17
[11:11:20] Explicit valence for atom # 18 C, 5, is greater than permitted
[11:11:20] Can't kekulize mol.  Unkekulized atoms: 1 3 5 10 11
[11:11:20] Explicit valence for atom # 7 C, 7, is greater than permitted
[11:11:20] Can't kekulize mol.  Unkekulized atoms: 2 7 11 13 18 22 23
[11:11:20] Explicit valence for atom # 11 N, 4, is greater than permitted
[11:11:20] Explicit valence for atom # 17 C, 5, is greater than permitted
[11:11:20] Explicit valence for atom # 8 C, 5, is greater than permitted
[11:11:20] Explicit valence for atom # 17 S, 7, is greater than permitted
[11:11:20] Explicit valence for atom # 13 N, 4, is greater than permitted
[11:11:20] Can't kekulize mol.  Unkekulized atoms: 0 2 3 6 9 10 11
[11:11:20] Explicit valence for atom # 3 C, 5, is greater than permitted
[11:11:20] Explicit valence for atom # 3 Si, 5, is greater than permitted
[11:11:20] Explicit valence for atom # 2 O, 3, is greater than permitted
[11:11:20] Explicit valence for atom # 3 C, 5, is greater than permitted
[11:11:20] Explicit valence for atom # 7 C, 5, is greater than permitted
[11:11:20] Explicit valence for atom # 9 C, 5, is greater than permitted
[11:11:20] Explicit valence for atom # 6 C, 5, is greater than permitted
[11:11:20] Explicit valence for atom # 9 H, 2, is greater than permitted
[11:11:20] Can't kekulize mol.  Unkekulized atoms: 0 3 4 9 10 11
[11:11:20] Can't kekulize mol.  Unkekulized atoms: 0 5 13
[11:11:20] Can't kekulize mol.  Unkekulized atoms: 0 9 13
[11:11:20] Can't kekulize mol.  Unkekulized atoms: 2 3 10 11 14
[11:11:20] Can't kekulize mol.  Unkekulized atoms: 0 4 10 12 14
[11:11:20] Can't kekulize mol.  Unkekulized atoms: 0 2 4 6 8
[11:11:20] Explicit valence for atom # 4 N, 4, is greater than permitted
[11:11:20] Explicit valence for atom # 5 H, 2, is greater than permitted
[11:11:20] Can't kekulize mol.  Unkekulized atoms: 0 2 12 20 23
[11:11:20] Explicit valence for atom # 7 O, 3, is greater than permitted
[11:11:20] Explicit valence for atom # 18 C, 5, is greater than permitted
[11:11:20] Explicit valence for atom # 14 C, 5, is greater than permitted
[11:11:20] Explicit valence for atom # 13 N, 3, is greater than permitted
[11:11:20] Explicit valence for atom # 0 F, 1, is greater than permitted
[11:11:20] Explicit valence for atom # 9 C, 5, is greater than permitted
[11:11:20] Can't kekulize mol.  Unkekulized atoms: 4 7 9
[11:11:20] Can't kekulize mol.  Unkekulized atoms: 0 2 7
[11:11:20] Can't kekulize mol.  Unkekulized atoms: 1 2 7 11 13 14 15
[11:11:20] non-ring atom 0 marked aromatic
[11:11:20] Explicit valence for atom # 2 C, 5, is greater than permitted
[11:11:20] Explicit valence for atom # 0 C, 5, is greater than permitted
[11:11:20] Explicit valence for atom # 16 O, 3, is greater than permitted
[11:11:20] Can't kekulize mol.  Unkekulized atoms: 2 4 11 13 16
[11:11:20] Explicit valence for atom # 13 C, 5, is greater than permitted
[11:11:20] Explicit valence for atom # 15 O, 2, is greater than permitted
[11:11:20] Explicit valence for atom # 13 O, 3, is greater than permitted
[11:11:20] Can't kekulize mol.  Unkekulized atoms: 1 3 5 10 12
[11:11:20] Can't kekulize mol.  Unkekulized atoms: 2 5 7 9 10 11 13
[11:11:20] Can't kekulize mol.  Unkekulized atoms: 0 1 2 4 10
[11:11:20] Explicit valence for atom # 14 O, 3, is greater than permitted
[11:11:20] Can't kekulize mol.  Unkekulized atoms: 1 3 6
[11:11:20] non-ring atom 4 marked aromatic
[11:11:20] Can't kekulize mol.  Unkekulized atoms: 1 6 13
[11:11:20] Explicit valence for atom # 2 C, 5, is greater than permitted
[11:11:20] Explicit valence for atom # 20 S, 7, is greater than permitted
[11:11:20] Explicit valence for atom # 2 O, 3, is greater than permitted
[11:11:20] Explicit valence for atom # 14 C, 5, is greater than permitted
[11:11:20] Explicit valence for atom # 4 H, 2, is greater than permitted
[11:11:20] Can't kekulize mol.  Unkekulized atoms: 0 3 4 7 10 11 13
[11:11:20] Can't kekulize mol.  Unkekulized atoms: 0 4 9 13 14
[11:11:20] Explicit valence for atom # 6 N, 4, is greater than permitted
[11:11:20] Can't kekulize mol.  Unkekulized atoms: 5 9 10 11 12
[11:11:20] Explicit valence for atom # 3 O, 3, is greater than permitted
[11:11:20] Explicit valence for atom # 4 S, 7, is greater than permitted
[11:11:20] Explicit valence for atom # 1 C, 5, is greater than permitted
[11:11:20] Explicit valence for atom # 17 S, 7, is greater than permitted
[11:11:20] Can't kekulize mol.  Unkekulized atoms: 3 6
[11:11:20] Can't kekulize mol.  Unkekulized atoms: 1 5 6 12 13
[11:11:20] Explicit valence for atom # 9 C, 5, is greater than permitted
[11:11:20] Can't kekulize mol.  Unkekulized atoms: 3 10 12
[11:11:21] Explicit valence for atom # 18 C, 5, is greater than permitted
[11:11:21] Explicit valence for atom # 22 C, 4, is greater than permitted
[11:11:21] Explicit valence for atom # 6 O, 4, is greater than permitted
[11:11:21] Explicit valence for atom # 6 H greater than permitted
[11:11:21] Explicit valence for atom # 18 C, 5, is greater than permitted
[11:11:21] Can't kekulize mol.  Unkekulized atoms: 1 3 8 12 14
[11:11:21] Can't kekulize mol.  Unkekulized atoms: 12 17 19
[11:11:21] Explicit valence for atom # 7 C, 4, is greater than permitted
[11:11:21] Explicit valence for atom # 15 H, 2, is greater than permitted
[11:11:21] Explicit valence for atom # 12 O, 3, is greater than permitted
[11:11:21] Explicit valence for atom # 13 H, 2, is greater than permitted
[11:11:21] Explicit valence for atom # 7 F, 2, is greater than permitted
[11:11:21] Explicit valence for atom # 9 C, 5, is greater than permitted
[11:11:21] Explicit valence for atom # 1 C, 5, is greater than permitted
[11:11:21] Explicit valence for atom # 9 C, 5, is greater than permitted
[11:11:21] Explicit valence for atom # 12 O, 3, is greater than permitted
[11:11:21] Explicit valence for atom # 6 O, 4, is greater than permitted
[11:11:21] Can't kekulize mol.  Unkekulized atoms: 0 1 2
[11:11:21] Can't kekulize mol.  Unkekulized atoms: 5 6 9 10 12
[11:11:21] Explicit valence for atom # 5 B, 4, is greater than permitted
[11:11:21] Explicit valence for atom # 1 N, 4, is greater than permitted
[11:11:21] Explicit valence for atom # 4 C, 5, is greater than permitted
[11:11:21] Explicit valence for atom # 11 H, 2, is greater than permitted
[11:11:21] Explicit valence for atom # 4 F, 1, is greater than permitted
[11:11:21] Explicit valence for atom # 6 C, 5, is greater than permitted
[11:11:21] Explicit valence for atom # 15 O, 3, is greater than permitted
[11:11:21] Explicit valence for atom # 8 C, 5, is greater than permitted
[11:11:21] Explicit valence for atom # 9 S, 7, is greater than permitted
[11:11:21] Explicit valence for atom # 12 O, 3, is greater than permitted
[11:11:21] Explicit valence for atom # 5 O, 3, is greater than permitted
[11:11:21] Explicit valence for atom # 9 C, 5, is greater than permitted
[11:11:21] Explicit valence for atom # 2 O, 3, is greater than permitted
[11:11:21] Can't kekulize mol.  Unkekulized atoms: 3 8 11 12 15 17 19
[11:11:21] Explicit valence for atom # 6 O, 3, is greater than permitted
[11:11:21] Can't kekulize mol.  Unkekulized atoms: 3 5 6 7 11
[11:11:21] Explicit valence for atom # 8 O, 3, is greater than permitted
[11:11:21] Can't kekulize mol.  Unkekulized atoms: 4 9 10
[11:11:21] Can't kekulize mol.  Unkekulized atoms: 0 1 2
[11:11:21] Explicit valence for atom # 21 S, 7, is greater than permitted
[11:11:21] Explicit valence for atom # 10 N, 4, is greater than permitted
[11:11:21] Explicit valence for atom # 13 O, 3, is greater than permitted
[11:11:21] Can't kekulize mol.  Unkekulized atoms: 5 6 11 15 16
[11:11:21] Explicit valence for atom # 18 S, 7, is greater than permitted
[11:11:21] Explicit valence for atom # 9 C, 5, is greater than permitted
[11:11:21] Explicit valence for atom # 3 C, 5, is greater than permitted
[11:11:21] Explicit valence for atom # 3 O, 3, is greater than permitted
[11:11:21] Explicit valence for atom # 2 B, 4, is greater than permitted
[11:11:21] Explicit valence for atom # 13 N, 4, is greater than permitted
[11:11:21] Can't kekulize mol.  Unkekulized atoms: 4 10 11 16 17
[11:11:21] Explicit valence for atom # 18 C, 5, is greater than permitted
[11:11:21] Can't kekulize mol.  Unkekulized atoms: 1 3 5 10 11
[11:11:21] Explicit valence for atom # 7 C, 7, is greater than permitted
[11:11:21] Can't kekulize mol.  Unkekulized atoms: 2 7 11 13 18 22 23
[11:11:21] Explicit valence for atom # 11 N, 4, is greater than permitted
[11:11:21] Explicit valence for atom # 17 C, 5, is greater than permitted
[11:11:21] Explicit valence for atom # 8 C, 5, is greater than permitted
[11:11:21] Explicit valence for atom # 17 S, 7, is greater than permitted
[11:11:21] Explicit valence for atom # 13 N, 4, is greater than permitted
[11:11:21] Can't kekulize mol.  Unkekulized atoms: 0 2 3 6 9 10 11
[11:11:21] Explicit valence for atom # 3 C, 5, is greater than permitted
[11:11:21] Explicit valence for atom # 3 Si, 5, is greater than permitted
[11:11:21] Explicit valence for atom # 2 O, 3, is greater than permitted
[11:11:21] Explicit valence for atom # 3 C, 5, is greater than permitted
[11:11:21] Explicit valence for atom # 8 C, 5, is greater than permitted
[11:11:21] Explicit valence for atom # 9 C, 5, is greater than permitted
[11:11:21] Explicit valence for atom # 6 C, 5, is greater than permitted
[11:11:21] Explicit valence for atom # 9 H, 2, is greater than permitted
[11:11:21] Can't kekulize mol.  Unkekulized atoms: 0 3 4 9 10 11
[11:11:21] Can't kekulize mol.  Unkekulized atoms: 0 5 13
[11:11:21] Can't kekulize mol.  Unkekulized atoms: 0 9 13
[11:11:21] Can't kekulize mol.  Unkekulized atoms: 2 3 10 11 14
[11:11:21] Can't kekulize mol.  Unkekulized atoms: 0 4 10 12 14
[11:11:21] Can't kekulize mol.  Unkekulized atoms: 0 2 4 6 8
[11:11:21] Explicit valence for atom # 3 H greater than permitted
[11:11:21] Explicit valence for atom # 4 N, 4, is greater than permitted
[11:11:21] Explicit valence for atom # 5 H, 2, is greater than permitted
[11:11:21] Can't kekulize mol.  Unkekulized atoms: 0 2 12 20 23
[11:11:21] Explicit valence for atom # 7 O, 3, is greater than permitted
[11:11:21] Explicit valence for atom # 18 C, 5, is greater than permitted
[11:11:21] Explicit valence for atom # 14 C, 5, is greater than permitted
[11:11:21] Explicit valence for atom # 13 N, 3, is greater than permitted
[11:11:21] Explicit valence for atom # 0 F, 1, is greater than permitted
[11:11:21] Explicit valence for atom # 9 C, 5, is greater than permitted
[11:11:21] Can't kekulize mol.  Unkekulized atoms: 4 7 9
[11:11:21] Can't kekulize mol.  Unkekulized atoms: 0 2 7
[11:11:21] Can't kekulize mol.  Unkekulized atoms: 1 2 7 11 13 14 15
[11:11:21] non-ring atom 0 marked aromatic
[11:11:21] Explicit valence for atom # 7 C, 5, is greater than permitted
[11:11:21] Explicit valence for atom # 0 C, 5, is greater than permitted
[11:11:21] Explicit valence for atom # 16 O, 3, is greater than permitted
[11:11:21] Can't kekulize mol.  Unkekulized atoms: 2 4 11 13 16
[11:11:21] Explicit valence for atom # 13 C, 5, is greater than permitted
[11:11:21] Explicit valence for atom # 15 O, 2, is greater than permitted
[11:11:21] Explicit valence for atom # 13 O, 3, is greater than permitted
[11:11:21] Can't kekulize mol.  Unkekulized atoms: 1 3 5 10 12
[11:11:21] Can't kekulize mol.  Unkekulized atoms: 2 5 7 9 10 11 13
[11:11:21] Can't kekulize mol.  Unkekulized atoms: 0 1 2 4 10
[11:11:21] Explicit valence for atom # 14 O, 3, is greater than permitted
[11:11:21] Can't kekulize mol.  Unkekulized atoms: 1 3 6
[11:11:21] non-ring atom 4 marked aromatic
[11:11:21] Can't kekulize mol.  Unkekulized atoms: 1 6 13
[11:11:21] Explicit valence for atom # 2 C, 5, is greater than permitted
[11:11:21] Explicit valence for atom # 20 S, 7, is greater than permitted
[11:11:21] Explicit valence for atom # 3 O, 3, is greater than permitted
[11:11:21] Explicit valence for atom # 14 C, 5, is greater than permitted
[11:11:21] Explicit valence for atom # 4 H, 2, is greater than permitted
[11:11:21] Can't kekulize mol.  Unkekulized atoms: 0 3 4 7 10 11 13
[11:11:21] Can't kekulize mol.  Unkekulized atoms: 0 4 9 13 14
[11:11:21] Explicit valence for atom # 6 N, 4, is greater than permitted
[11:11:21] Can't kekulize mol.  Unkekulized atoms: 5 9 10 11 12
[11:11:21] Explicit valence for atom # 3 O, 3, is greater than permitted
[11:11:21] Explicit valence for atom # 4 S, 7, is greater than permitted
[11:11:21] Explicit valence for atom # 1 C, 5, is greater than permitted
[11:11:21] Explicit valence for atom # 17 S, 7, is greater than permitted
[11:11:21] Can't kekulize mol.  Unkekulized atoms: 3 6
[11:11:21] Can't kekulize mol.  Unkekulized atoms: 1 5 6 12 13
[11:11:21] Explicit valence for atom # 11 C, 5, is greater than permitted
[11:11:21] Can't kekulize mol.  Unkekulized atoms: 3 10 12
[11:11:21] Explicit valence for atom # 18 C, 5, is greater than permitted
[11:11:21] Explicit valence for atom # 22 C, 4, is greater than permitted
[11:11:21] Explicit valence for atom # 6 O, 4, is greater than permitted
[11:11:21] Explicit valence for atom # 6 H greater than permitted
[11:11:21] Explicit valence for atom # 18 C, 5, is greater than permitted
[11:11:21] Can't kekulize mol.  Unkekulized atoms: 1 3 8 12 14
[11:11:21] Can't kekulize mol.  Unkekulized atoms: 12 17 19
[11:11:21] Explicit valence for atom # 7 C, 4, is greater than permitted
[11:11:21] Explicit valence for atom # 15 H, 2, is greater than permitted
[11:11:21] Explicit valence for atom # 12 O, 3, is greater than permitted
[11:11:21] Explicit valence for atom # 13 H, 2, is greater than permitted
[11:11:21] Explicit valence for atom # 7 F, 2, is greater than permitted
[11:11:21] Explicit valence for atom # 11 N, 3, is greater than permitted
[11:11:21] Explicit valence for atom # 9 C, 5, is greater than permitted
[11:11:21] Explicit valence for atom # 2 C, 5, is greater than permitted
[11:11:21] Explicit valence for atom # 9 C, 5, is greater than permitted
[11:11:21] Explicit valence for atom # 12 O, 3, is greater than permitted
[11:11:21] Explicit valence for atom # 6 O, 4, is greater than permitted
[11:11:21] Can't kekulize mol.  Unkekulized atoms: 0 1 2
[11:11:21] Can't kekulize mol.  Unkekulized atoms: 5 6 9 10 12
[11:11:21] Explicit valence for atom # 5 B, 4, is greater than permitted
[11:11:21] Explicit valence for atom # 1 N, 4, is greater than permitted
[11:11:21] Explicit valence for atom # 5 C, 5, is greater than permitted
[11:11:21] Explicit valence for atom # 15 H, 2, is greater than permitted
[11:11:21] Explicit valence for atom # 4 F, 1, is greater than permitted
[11:11:21] Explicit valence for atom # 6 C, 5, is greater than permitted
[11:11:21] Explicit valence for atom # 15 O, 3, is greater than permitted
[11:11:21] Explicit valence for atom # 8 C, 5, is greater than permitted
[11:11:21] Explicit valence for atom # 9 S, 7, is greater than permitted
[11:11:21] Explicit valence for atom # 12 O, 3, is greater than permitted
[11:11:21] Explicit valence for atom # 5 O, 3, is greater than permitted
[11:11:21] Explicit valence for atom # 9 C, 5, is greater than permitted
[11:11:21] Explicit valence for atom # 2 O, 3, is greater than permitted
[11:11:21] Can't kekulize mol.  Unkekulized atoms: 3 8 11 12 15 17 19
[11:11:21] Explicit valence for atom # 6 O, 3, is greater than permitted
[11:11:21] Can't kekulize mol.  Unkekulized atoms: 3 5 6 7 11
[11:11:21] Explicit valence for atom # 8 O, 3, is greater than permitted
[11:11:21] Can't kekulize mol.  Unkekulized atoms: 4 9 10
[11:11:21] Can't kekulize mol.  Unkekulized atoms: 0 1 2
[11:11:21] Explicit valence for atom # 21 S, 7, is greater than permitted
Using device: cuda:0

Loading model from checkpoints/qme14s/mu/classifier_free_guidance/epoch=1598-step=874215.ckpt

Using guidance weights: {'x': 3.13, 'a': 1.88, 'c': 1.88, 'e': 1.88}

Loading multiple property values from sampling_input/qme14s/in_distribution_sampling/train_half_sampled_values_mu.npy

Loading number of atoms from sampling_input/qme14s/in_distribution_sampling/train_half_sampled_no_atoms_mu.npy

Sampling 10000 molecules in 79 batches

Analyzing molecules...
Error messages: AtomValence 80, Kekulize 35, other 2,  -- No error 9883
Analysis results:
  frac_atoms_stable: 0.9981259004224354
  frac_mols_stable_valence: 0.9772
  frac_valid_mols: 0.9883
  avg_frag_frac: 0.9990756847297992
  avg_num_components: 1.0044
  flag_rate: 1.1855075397227002
  ood_rate: 0.3829571905677563
Writing 10000 molecules to ./cfg_guidance_best_w.sdf
Successfully wrote 10000 valid molecules to ./cfg_guidance_best_w.sdf
